0 verbose cli C:\Program Files\nodejs\node.exe C:\Program Files\nodejs\node_modules\npm\bin\npm-cli.js
1 info using npm@10.9.3
2 info using node@v22.20.0
3 silly config load:file:C:\Program Files\nodejs\node_modules\npm\npmrc
4 silly config load:file:C:\Users\soham\OneDrive\Desktop\Decentralized-Credentials\cd_var\.npmrc
5 silly config load:file:C:\Users\soham\.npmrc
6 silly config load:file:C:\Users\soham\AppData\Roaming\npm\etc\npmrc
7 verbose title npm install
8 verbose argv "install" "--cache" ".npm-cache"
9 verbose logfile logs-max:10 dir:C:\Users\soham\OneDrive\Desktop\Decentralized-Credentials\cd_var\.npm-cache\_logs\2026-03-10T16_47_34_032Z-
10 verbose logfile C:\Users\soham\OneDrive\Desktop\Decentralized-Credentials\cd_var\.npm-cache\_logs\2026-03-10T16_47_34_032Z-debug-0.log
11 silly logfile done cleaning log files
12 silly packumentCache heap:4345298944 maxSize:1086324736 maxEntrySize:543162368
13 silly idealTree buildDeps
14 silly reify moves {}
15 silly audit bulk request {
15 silly audit   '@adraffy/ens-normalize': [ '1.10.1' ],
15 silly audit   '@cspotcode/source-map-support': [ '0.8.1' ],
15 silly audit   '@esbuild/aix-ppc64': [ '0.25.9' ],
15 silly audit   '@esbuild/android-arm': [ '0.25.9' ],
15 silly audit   '@esbuild/android-arm64': [ '0.25.9' ],
15 silly audit   '@esbuild/android-x64': [ '0.25.9' ],
15 silly audit   '@esbuild/darwin-arm64': [ '0.25.9' ],
15 silly audit   '@esbuild/darwin-x64': [ '0.25.9' ],
15 silly audit   '@esbuild/freebsd-arm64': [ '0.25.9' ],
15 silly audit   '@esbuild/freebsd-x64': [ '0.25.9' ],
15 silly audit   '@esbuild/linux-arm': [ '0.25.9' ],
15 silly audit   '@esbuild/linux-arm64': [ '0.25.9' ],
15 silly audit   '@esbuild/linux-ia32': [ '0.25.9' ],
15 silly audit   '@esbuild/linux-loong64': [ '0.25.9' ],
15 silly audit   '@esbuild/linux-mips64el': [ '0.25.9' ],
15 silly audit   '@esbuild/linux-ppc64': [ '0.25.9' ],
15 silly audit   '@esbuild/linux-riscv64': [ '0.25.9' ],
15 silly audit   '@esbuild/linux-s390x': [ '0.25.9' ],
15 silly audit   '@esbuild/linux-x64': [ '0.25.9' ],
15 silly audit   '@esbuild/netbsd-arm64': [ '0.25.9' ],
15 silly audit   '@esbuild/netbsd-x64': [ '0.25.9' ],
15 silly audit   '@esbuild/openbsd-arm64': [ '0.25.9' ],
15 silly audit   '@esbuild/openbsd-x64': [ '0.25.9' ],
15 silly audit   '@esbuild/openharmony-arm64': [ '0.25.9' ],
15 silly audit   '@esbuild/sunos-x64': [ '0.25.9' ],
15 silly audit   '@esbuild/win32-arm64': [ '0.25.9' ],
15 silly audit   '@esbuild/win32-ia32': [ '0.25.9' ],
15 silly audit   '@esbuild/win32-x64': [ '0.25.9' ],
15 silly audit   '@ethersproject/abi': [ '5.8.0' ],
15 silly audit   '@ethersproject/abstract-provider': [ '5.8.0' ],
15 silly audit   '@ethersproject/abstract-signer': [ '5.8.0' ],
15 silly audit   '@ethersproject/address': [ '5.8.0', '5.6.1' ],
15 silly audit   '@ethersproject/base64': [ '5.8.0' ],
15 silly audit   '@ethersproject/bignumber': [ '5.8.0' ],
15 silly audit   '@ethersproject/bytes': [ '5.8.0' ],
15 silly audit   '@ethersproject/constants': [ '5.8.0' ],
15 silly audit   '@ethersproject/hash': [ '5.8.0' ],
15 silly audit   '@ethersproject/keccak256': [ '5.8.0' ],
15 silly audit   '@ethersproject/logger': [ '5.8.0' ],
15 silly audit   '@ethersproject/networks': [ '5.8.0' ],
15 silly audit   '@ethersproject/properties': [ '5.8.0' ],
15 silly audit   '@ethersproject/rlp': [ '5.8.0' ],
15 silly audit   '@ethersproject/signing-key': [ '5.8.0' ],
15 silly audit   '@ethersproject/strings': [ '5.8.0' ],
15 silly audit   '@ethersproject/transactions': [ '5.8.0' ],
15 silly audit   '@ethersproject/web': [ '5.8.0' ],
15 silly audit   '@jridgewell/resolve-uri': [ '3.1.2' ],
15 silly audit   '@jridgewell/sourcemap-codec': [ '1.5.5' ],
15 silly audit   '@jridgewell/trace-mapping': [ '0.3.9' ],
15 silly audit   '@noble/curves': [ '1.8.2', '1.4.2', '1.2.0' ],
15 silly audit   '@noble/hashes': [ '1.7.2', '1.4.0', '1.3.2' ],
15 silly audit   '@nomicfoundation/edr': [ '0.12.0-next.5' ],
15 silly audit   '@nomicfoundation/edr-darwin-arm64': [ '0.12.0-next.5' ],
15 silly audit   '@nomicfoundation/edr-darwin-x64': [ '0.12.0-next.5' ],
15 silly audit   '@nomicfoundation/edr-linux-arm64-gnu': [ '0.12.0-next.5' ],
15 silly audit   '@nomicfoundation/edr-linux-arm64-musl': [ '0.12.0-next.5' ],
15 silly audit   '@nomicfoundation/edr-linux-x64-gnu': [ '0.12.0-next.5' ],
15 silly audit   '@nomicfoundation/edr-linux-x64-musl': [ '0.12.0-next.5' ],
15 silly audit   '@nomicfoundation/edr-win32-x64-msvc': [ '0.12.0-next.5' ],
15 silly audit   '@nomicfoundation/hardhat-errors': [ '3.0.0' ],
15 silly audit   '@nomicfoundation/hardhat-ethers': [ '4.0.0' ],
15 silly audit   '@nomicfoundation/hardhat-ignition': [ '3.0.1' ],
15 silly audit   '@nomicfoundation/hardhat-utils': [ '3.0.0' ],
15 silly audit   undici: [ '6.21.3' ],
15 silly audit   '@nomicfoundation/hardhat-verify': [ '3.0.0' ],
15 silly audit   '@nomicfoundation/hardhat-zod-utils': [ '3.0.0' ],
15 silly audit   '@nomicfoundation/ignition-core': [ '3.0.1' ],
15 silly audit   '@nomicfoundation/ignition-ui': [ '3.0.1' ],
15 silly audit   '@nomicfoundation/solidity-analyzer': [ '0.1.2' ],
15 silly audit   '@nomicfoundation/solidity-analyzer-darwin-arm64': [ '0.1.2' ],
15 silly audit   '@nomicfoundation/solidity-analyzer-darwin-x64': [ '0.1.2' ],
15 silly audit   '@nomicfoundation/solidity-analyzer-linux-arm64-gnu': [ '0.1.2' ],
15 silly audit   '@nomicfoundation/solidity-analyzer-linux-arm64-musl': [ '0.1.2' ],
15 silly audit   '@nomicfoundation/solidity-analyzer-linux-x64-gnu': [ '0.1.2' ],
15 silly audit   '@nomicfoundation/solidity-analyzer-linux-x64-musl': [ '0.1.2' ],
15 silly audit   '@nomicfoundation/solidity-analyzer-win32-x64-msvc': [ '0.1.2' ],
15 silly audit   '@scure/base': [ '1.1.9', '1.2.6' ],
15 silly audit   '@scure/bip32': [ '1.4.0' ],
15 silly audit   '@scure/bip39': [ '1.3.0' ],
15 silly audit   '@sentry/core': [ '9.46.0' ],
15 silly audit   '@streamparser/json': [ '0.0.22' ],
15 silly audit   '@streamparser/json-node': [ '0.0.22' ],
15 silly audit   '@tsconfig/node10': [ '1.0.11' ],
15 silly audit   '@tsconfig/node12': [ '1.0.11' ],
15 silly audit   '@tsconfig/node14': [ '1.0.3' ],
15 silly audit   '@tsconfig/node16': [ '1.0.4' ],
15 silly audit   '@types/node': [ '20.19.11', '22.7.5' ],
15 silly audit   acorn: [ '8.15.0' ],
15 silly audit   'acorn-walk': [ '8.3.4' ],
15 silly audit   'adm-zip': [ '0.4.16' ],
15 silly audit   'aes-js': [ '4.0.0-beta.5' ],
15 silly audit   'ansi-colors': [ '4.1.3' ],
15 silly audit   'ansi-regex': [ '5.0.1' ],
15 silly audit   arg: [ '4.1.3' ],
15 silly audit   'bn.js': [ '5.2.2', '4.12.2' ],
15 silly audit   brorand: [ '1.1.0' ],
15 silly audit   cbor2: [ '1.12.0' ],
15 silly audit   chalk: [ '5.6.0' ],
15 silly audit   'create-require': [ '1.1.1' ],
15 silly audit   debug: [ '4.4.1' ],
15 silly audit   dotenv: [ '17.2.1' ],
15 silly audit   elliptic: [ '6.6.1' ],
15 silly audit   enquirer: [ '2.4.1' ],
15 silly audit   'env-paths': [ '2.2.1' ],
15 silly audit   esbuild: [ '0.25.9' ],
15 silly audit   'ethereum-cryptography': [ '2.2.1' ],
15 silly audit   ethers: [ '6.15.0' ],
15 silly audit   tslib: [ '2.7.0' ],
15 silly audit   'undici-types': [ '6.19.8', '6.21.0' ],
15 silly audit   ws: [ '8.17.1', '8.18.3' ],
15 silly audit   'fast-equals': [ '5.2.2' ],
15 silly audit   fsevents: [ '2.3.3' ],
15 silly audit   'get-tsconfig': [ '4.10.1' ],
15 silly audit   hardhat: [ '3.0.3' ],
15 silly audit   'hash.js': [ '1.1.7' ],
15 silly audit   'hmac-drbg': [ '1.0.1' ],
15 silly audit   immer: [ '10.0.2' ],
15 silly audit   inherits: [ '2.0.4' ],
15 silly audit   'js-sha3': [ '0.8.0' ],
15 silly audit   'json-stream-stringify': [ '3.1.6' ],
15 silly audit   'json-stringify-safe': [ '5.0.1' ],
15 silly audit   json5: [ '2.2.3' ],
15 silly audit   kleur: [ '3.0.3' ],
15 silly audit   'lodash-es': [ '4.17.21' ],
15 silly audit   'make-error': [ '1.3.6' ],
15 silly audit   'micro-eth-signer': [ '0.14.0' ],
15 silly audit   'micro-packed': [ '0.7.3' ],
15 silly audit   'minimalistic-assert': [ '1.0.1' ],
15 silly audit   'minimalistic-crypto-utils': [ '1.0.1' ],
15 silly audit   minimist: [ '1.2.8' ],
15 silly audit   ms: [ '2.1.3' ],
15 silly audit   ndjson: [ '2.0.0' ],
15 silly audit   'p-map': [ '7.0.3' ],
15 silly audit   prompts: [ '2.4.2' ],
15 silly audit   'readable-stream': [ '3.6.2' ],
15 silly audit   'resolve-pkg-maps': [ '1.0.0' ],
15 silly audit   'resolve.exports': [ '2.0.3' ],
15 silly audit   rfdc: [ '1.4.1' ],
15 silly audit   'safe-buffer': [ '5.2.1' ],
15 silly audit   semver: [ '7.7.2' ],
15 silly audit   sisteransi: [ '1.0.5' ],
15 silly audit   split2: [ '3.2.2' ],
15 silly audit   string_decoder: [ '1.3.0' ],
15 silly audit   'strip-ansi': [ '6.0.1' ],
15 silly audit   through2: [ '4.0.2' ],
15 silly audit   'ts-node': [ '10.9.2' ],
15 silly audit   diff: [ '4.0.2' ],
15 silly audit   tsx: [ '4.20.5' ],
15 silly audit   typescript: [ '5.9.2' ],
15 silly audit   'util-deprecate': [ '1.0.2' ],
15 silly audit   'v8-compile-cache-lib': [ '3.0.1' ],
15 silly audit   yn: [ '3.1.1' ],
15 silly audit   zod: [ '3.25.76' ]
15 silly audit }
16 verbose reify failed optional dependency C:\Users\soham\OneDrive\Desktop\Decentralized-Credentials\cd_var\node_modules\fsevents
17 silly reify mark deleted [
17 silly reify   'C:\\Users\\soham\\OneDrive\\Desktop\\Decentralized-Credentials\\cd_var\\node_modules\\fsevents'
17 silly reify ]
18 verbose reify failed optional dependency C:\Users\soham\OneDrive\Desktop\Decentralized-Credentials\cd_var\node_modules\@esbuild\win32-ia32
19 silly reify mark deleted [
19 silly reify   'C:\\Users\\soham\\OneDrive\\Desktop\\Decentralized-Credentials\\cd_var\\node_modules\\@esbuild\\win32-ia32'
19 silly reify ]
20 verbose reify failed optional dependency C:\Users\soham\OneDrive\Desktop\Decentralized-Credentials\cd_var\node_modules\@esbuild\win32-arm64
21 silly reify mark deleted [
21 silly reify   'C:\\Users\\soham\\OneDrive\\Desktop\\Decentralized-Credentials\\cd_var\\node_modules\\@esbuild\\win32-arm64'
21 silly reify ]
22 verbose reify failed optional dependency C:\Users\soham\OneDrive\Desktop\Decentralized-Credentials\cd_var\node_modules\@esbuild\sunos-x64
23 silly reify mark deleted [
23 silly reify   'C:\\Users\\soham\\OneDrive\\Desktop\\Decentralized-Credentials\\cd_var\\node_modules\\@esbuild\\sunos-x64'
23 silly reify ]
24 verbose reify failed optional dependency C:\Users\soham\OneDrive\Desktop\Decentralized-Credentials\cd_var\node_modules\@esbuild\openharmony-arm64
25 silly reify mark deleted [
25 silly reify   'C:\\Users\\soham\\OneDrive\\Desktop\\Decentralized-Credentials\\cd_var\\node_modules\\@esbuild\\openharmony-arm64'
25 silly reify ]
26 verbose reify failed optional dependency C:\Users\soham\OneDrive\Desktop\Decentralized-Credentials\cd_var\node_modules\@esbuild\openbsd-x64
27 silly reify mark deleted [
27 silly reify   'C:\\Users\\soham\\OneDrive\\Desktop\\Decentralized-Credentials\\cd_var\\node_modules\\@esbuild\\openbsd-x64'
27 silly reify ]
28 verbose reify failed optional dependency C:\Users\soham\OneDrive\Desktop\Decentralized-Credentials\cd_var\node_modules\@esbuild\openbsd-arm64
29 silly reify mark deleted [
29 silly reify   'C:\\Users\\soham\\OneDrive\\Desktop\\Decentralized-Credentials\\cd_var\\node_modules\\@esbuild\\openbsd-arm64'
29 silly reify ]
30 verbose reify failed optional dependency C:\Users\soham\OneDrive\Desktop\Decentralized-Credentials\cd_var\node_modules\@esbuild\netbsd-x64
31 silly reify mark deleted [
31 silly reify   'C:\\Users\\soham\\OneDrive\\Desktop\\Decentralized-Credentials\\cd_var\\node_modules\\@esbuild\\netbsd-x64'
31 silly reify ]
32 verbose reify failed optional dependency C:\Users\soham\OneDrive\Desktop\Decentralized-Credentials\cd_var\node_modules\@esbuild\netbsd-arm64
33 silly reify mark deleted [
33 silly reify   'C:\\Users\\soham\\OneDrive\\Desktop\\Decentralized-Credentials\\cd_var\\node_modules\\@esbuild\\netbsd-arm64'
33 silly reify ]
34 verbose reify failed optional dependency C:\Users\soham\OneDrive\Desktop\Decentralized-Credentials\cd_var\node_modules\@esbuild\linux-x64
35 silly reify mark deleted [
35 silly reify   'C:\\Users\\soham\\OneDrive\\Desktop\\Decentralized-Credentials\\cd_var\\node_modules\\@esbuild\\linux-x64'
35 silly reify ]
36 verbose reify failed optional dependency C:\Users\soham\OneDrive\Desktop\Decentralized-Credentials\cd_var\node_modules\@esbuild\linux-s390x
37 silly reify mark deleted [
37 silly reify   'C:\\Users\\soham\\OneDrive\\Desktop\\Decentralized-Credentials\\cd_var\\node_modules\\@esbuild\\linux-s390x'
37 silly reify ]
38 verbose reify failed optional dependency C:\Users\soham\OneDrive\Desktop\Decentralized-Credentials\cd_var\node_modules\@esbuild\linux-riscv64
39 silly reify mark deleted [
39 silly reify   'C:\\Users\\soham\\OneDrive\\Desktop\\Decentralized-Credentials\\cd_var\\node_modules\\@esbuild\\linux-riscv64'
39 silly reify ]
40 verbose reify failed optional dependency C:\Users\soham\OneDrive\Desktop\Decentralized-Credentials\cd_var\node_modules\@esbuild\linux-ppc64
41 silly reify mark deleted [
41 silly reify   'C:\\Users\\soham\\OneDrive\\Desktop\\Decentralized-Credentials\\cd_var\\node_modules\\@esbuild\\linux-ppc64'
41 silly reify ]
42 verbose reify failed optional dependency C:\Users\soham\OneDrive\Desktop\Decentralized-Credentials\cd_var\node_modules\@esbuild\linux-mips64el
43 silly reify mark deleted [
43 silly reify   'C:\\Users\\soham\\OneDrive\\Desktop\\Decentralized-Credentials\\cd_var\\node_modules\\@esbuild\\linux-mips64el'
43 silly reify ]
44 verbose reify failed optional dependency C:\Users\soham\OneDrive\Desktop\Decentralized-Credentials\cd_var\node_modules\@esbuild\linux-loong64
45 silly reify mark deleted [
45 silly reify   'C:\\Users\\soham\\OneDrive\\Desktop\\Decentralized-Credentials\\cd_var\\node_modules\\@esbuild\\linux-loong64'
45 silly reify ]
46 verbose reify failed optional dependency C:\Users\soham\OneDrive\Desktop\Decentralized-Credentials\cd_var\node_modules\@esbuild\linux-ia32
47 silly reify mark deleted [
47 silly reify   'C:\\Users\\soham\\OneDrive\\Desktop\\Decentralized-Credentials\\cd_var\\node_modules\\@esbuild\\linux-ia32'
47 silly reify ]
48 verbose reify failed optional dependency C:\Users\soham\OneDrive\Desktop\Decentralized-Credentials\cd_var\node_modules\@esbuild\linux-arm64
49 silly reify mark deleted [
49 silly reify   'C:\\Users\\soham\\OneDrive\\Desktop\\Decentralized-Credentials\\cd_var\\node_modules\\@esbuild\\linux-arm64'
49 silly reify ]
50 verbose reify failed optional dependency C:\Users\soham\OneDrive\Desktop\Decentralized-Credentials\cd_var\node_modules\@esbuild\linux-arm
51 silly reify mark deleted [
51 silly reify   'C:\\Users\\soham\\OneDrive\\Desktop\\Decentralized-Credentials\\cd_var\\node_modules\\@esbuild\\linux-arm'
51 silly reify ]
52 verbose reify failed optional dependency C:\Users\soham\OneDrive\Desktop\Decentralized-Credentials\cd_var\node_modules\@esbuild\freebsd-x64
53 silly reify mark deleted [
53 silly reify   'C:\\Users\\soham\\OneDrive\\Desktop\\Decentralized-Credentials\\cd_var\\node_modules\\@esbuild\\freebsd-x64'
53 silly reify ]
54 verbose reify failed optional dependency C:\Users\soham\OneDrive\Desktop\Decentralized-Credentials\cd_var\node_modules\@esbuild\freebsd-arm64
55 silly reify mark deleted [
55 silly reify   'C:\\Users\\soham\\OneDrive\\Desktop\\Decentralized-Credentials\\cd_var\\node_modules\\@esbuild\\freebsd-arm64'
55 silly reify ]
56 verbose reify failed optional dependency C:\Users\soham\OneDrive\Desktop\Decentralized-Credentials\cd_var\node_modules\@esbuild\darwin-x64
57 silly reify mark deleted [
57 silly reify   'C:\\Users\\soham\\OneDrive\\Desktop\\Decentralized-Credentials\\cd_var\\node_modules\\@esbuild\\darwin-x64'
57 silly reify ]
58 verbose reify failed optional dependency C:\Users\soham\OneDrive\Desktop\Decentralized-Credentials\cd_var\node_modules\@esbuild\darwin-arm64
59 silly reify mark deleted [
59 silly reify   'C:\\Users\\soham\\OneDrive\\Desktop\\Decentralized-Credentials\\cd_var\\node_modules\\@esbuild\\darwin-arm64'
59 silly reify ]
60 verbose reify failed optional dependency C:\Users\soham\OneDrive\Desktop\Decentralized-Credentials\cd_var\node_modules\@esbuild\android-x64
61 silly reify mark deleted [
61 silly reify   'C:\\Users\\soham\\OneDrive\\Desktop\\Decentralized-Credentials\\cd_var\\node_modules\\@esbuild\\android-x64'
61 silly reify ]
62 verbose reify failed optional dependency C:\Users\soham\OneDrive\Desktop\Decentralized-Credentials\cd_var\node_modules\@esbuild\android-arm64
63 silly reify mark deleted [
63 silly reify   'C:\\Users\\soham\\OneDrive\\Desktop\\Decentralized-Credentials\\cd_var\\node_modules\\@esbuild\\android-arm64'
63 silly reify ]
64 verbose reify failed optional dependency C:\Users\soham\OneDrive\Desktop\Decentralized-Credentials\cd_var\node_modules\@esbuild\android-arm
65 silly reify mark deleted [
65 silly reify   'C:\\Users\\soham\\OneDrive\\Desktop\\Decentralized-Credentials\\cd_var\\node_modules\\@esbuild\\android-arm'
65 silly reify ]
66 verbose reify failed optional dependency C:\Users\soham\OneDrive\Desktop\Decentralized-Credentials\cd_var\node_modules\@esbuild\aix-ppc64
67 silly reify mark deleted [
67 silly reify   'C:\\Users\\soham\\OneDrive\\Desktop\\Decentralized-Credentials\\cd_var\\node_modules\\@esbuild\\aix-ppc64'
67 silly reify ]
68 http cache zod@https://registry.npmjs.org/zod/-/zod-3.25.76.tgz 0ms (cache hit)
69 http cache yn@https://registry.npmjs.org/yn/-/yn-3.1.1.tgz 0ms (cache hit)
70 http cache v8-compile-cache-lib@https://registry.npmjs.org/v8-compile-cache-lib/-/v8-compile-cache-lib-3.0.1.tgz 0ms (cache hit)
71 http cache ws@https://registry.npmjs.org/ws/-/ws-8.18.3.tgz 0ms (cache hit)
72 http cache util-deprecate@https://registry.npmjs.org/util-deprecate/-/util-deprecate-1.0.2.tgz 0ms (cache hit)
73 http cache undici-types@https://registry.npmjs.org/undici-types/-/undici-types-6.21.0.tgz 0ms (cache hit)
74 http cache typescript@https://registry.npmjs.org/typescript/-/typescript-5.9.2.tgz 0ms (cache hit)
75 http cache ts-node@https://registry.npmjs.org/ts-node/-/ts-node-10.9.2.tgz 0ms (cache hit)
76 http cache tsx@https://registry.npmjs.org/tsx/-/tsx-4.20.5.tgz 0ms (cache hit)
77 http cache strip-ansi@https://registry.npmjs.org/strip-ansi/-/strip-ansi-6.0.1.tgz 0ms (cache hit)
78 http cache string_decoder@https://registry.npmjs.org/string_decoder/-/string_decoder-1.3.0.tgz 0ms (cache hit)
79 http cache through2@https://registry.npmjs.org/through2/-/through2-4.0.2.tgz 0ms (cache hit)
80 http cache split2@https://registry.npmjs.org/split2/-/split2-3.2.2.tgz 0ms (cache hit)
81 http cache sisteransi@https://registry.npmjs.org/sisteransi/-/sisteransi-1.0.5.tgz 0ms (cache hit)
82 http cache semver@https://registry.npmjs.org/semver/-/semver-7.7.2.tgz 0ms (cache hit)
83 http cache safe-buffer@https://registry.npmjs.org/safe-buffer/-/safe-buffer-5.2.1.tgz 0ms (cache hit)
84 http cache resolve-pkg-maps@https://registry.npmjs.org/resolve-pkg-maps/-/resolve-pkg-maps-1.0.0.tgz 0ms (cache hit)
85 http cache rfdc@https://registry.npmjs.org/rfdc/-/rfdc-1.4.1.tgz 0ms (cache hit)
86 http cache resolve.exports@https://registry.npmjs.org/resolve.exports/-/resolve.exports-2.0.3.tgz 0ms (cache hit)
87 http cache readable-stream@https://registry.npmjs.org/readable-stream/-/readable-stream-3.6.2.tgz 0ms (cache hit)
88 http cache ndjson@https://registry.npmjs.org/ndjson/-/ndjson-2.0.0.tgz 0ms (cache hit)
89 http cache prompts@https://registry.npmjs.org/prompts/-/prompts-2.4.2.tgz 0ms (cache hit)
90 http cache p-map@https://registry.npmjs.org/p-map/-/p-map-7.0.3.tgz 0ms (cache hit)
91 http cache ms@https://registry.npmjs.org/ms/-/ms-2.1.3.tgz 0ms (cache hit)
92 http cache minimist@https://registry.npmjs.org/minimist/-/minimist-1.2.8.tgz 0ms (cache hit)
93 http cache minimalistic-assert@https://registry.npmjs.org/minimalistic-assert/-/minimalistic-assert-1.0.1.tgz 0ms (cache hit)
94 http cache micro-packed@https://registry.npmjs.org/micro-packed/-/micro-packed-0.7.3.tgz 0ms (cache hit)
95 http cache minimalistic-crypto-utils@https://registry.npmjs.org/minimalistic-crypto-utils/-/minimalistic-crypto-utils-1.0.1.tgz 0ms (cache hit)
96 http cache make-error@https://registry.npmjs.org/make-error/-/make-error-1.3.6.tgz 0ms (cache hit)
97 http cache micro-eth-signer@https://registry.npmjs.org/micro-eth-signer/-/micro-eth-signer-0.14.0.tgz 0ms (cache hit)
98 http cache lodash-es@https://registry.npmjs.org/lodash-es/-/lodash-es-4.17.21.tgz 0ms (cache hit)
99 http cache kleur@https://registry.npmjs.org/kleur/-/kleur-3.0.3.tgz 0ms (cache hit)
100 http cache json-stringify-safe@https://registry.npmjs.org/json-stringify-safe/-/json-stringify-safe-5.0.1.tgz 0ms (cache hit)
101 http cache js-sha3@https://registry.npmjs.org/js-sha3/-/js-sha3-0.8.0.tgz 0ms (cache hit)
102 http cache json5@https://registry.npmjs.org/json5/-/json5-2.2.3.tgz 0ms (cache hit)
103 http cache json-stream-stringify@https://registry.npmjs.org/json-stream-stringify/-/json-stream-stringify-3.1.6.tgz 0ms (cache hit)
104 http cache inherits@https://registry.npmjs.org/inherits/-/inherits-2.0.4.tgz 0ms (cache hit)
105 http cache hmac-drbg@https://registry.npmjs.org/hmac-drbg/-/hmac-drbg-1.0.1.tgz 0ms (cache hit)
106 http cache immer@https://registry.npmjs.org/immer/-/immer-10.0.2.tgz 0ms (cache hit)
107 http cache get-tsconfig@https://registry.npmjs.org/get-tsconfig/-/get-tsconfig-4.10.1.tgz 0ms (cache hit)
108 http cache hardhat@https://registry.npmjs.org/hardhat/-/hardhat-3.0.3.tgz 0ms (cache hit)
109 http cache hash.js@https://registry.npmjs.org/hash.js/-/hash.js-1.1.7.tgz 0ms (cache hit)
110 http cache ethers@https://registry.npmjs.org/ethers/-/ethers-6.15.0.tgz 0ms (cache hit)
111 http cache fast-equals@https://registry.npmjs.org/fast-equals/-/fast-equals-5.2.2.tgz 0ms (cache hit)
112 http cache ethereum-cryptography@https://registry.npmjs.org/ethereum-cryptography/-/ethereum-cryptography-2.2.1.tgz 0ms (cache hit)
113 http cache esbuild@https://registry.npmjs.org/esbuild/-/esbuild-0.25.9.tgz 0ms (cache hit)
114 http cache env-paths@https://registry.npmjs.org/env-paths/-/env-paths-2.2.1.tgz 0ms (cache hit)
115 http cache debug@https://registry.npmjs.org/debug/-/debug-4.4.1.tgz 0ms (cache hit)
116 http cache enquirer@https://registry.npmjs.org/enquirer/-/enquirer-2.4.1.tgz 0ms (cache hit)
117 http cache chalk@https://registry.npmjs.org/chalk/-/chalk-5.6.0.tgz 0ms (cache hit)
118 http cache brorand@https://registry.npmjs.org/brorand/-/brorand-1.1.0.tgz 0ms (cache hit)
119 http cache create-require@https://registry.npmjs.org/create-require/-/create-require-1.1.1.tgz 0ms (cache hit)
120 http cache elliptic@https://registry.npmjs.org/elliptic/-/elliptic-6.6.1.tgz 0ms (cache hit)
121 http cache cbor2@https://registry.npmjs.org/cbor2/-/cbor2-1.12.0.tgz 0ms (cache hit)
122 http cache bn.js@https://registry.npmjs.org/bn.js/-/bn.js-5.2.2.tgz 0ms (cache hit)
123 http cache arg@https://registry.npmjs.org/arg/-/arg-4.1.3.tgz 0ms (cache hit)
124 http cache ansi-regex@https://registry.npmjs.org/ansi-regex/-/ansi-regex-5.0.1.tgz 0ms (cache hit)
125 http cache ansi-colors@https://registry.npmjs.org/ansi-colors/-/ansi-colors-4.1.3.tgz 0ms (cache hit)
126 http cache acorn-walk@https://registry.npmjs.org/acorn-walk/-/acorn-walk-8.3.4.tgz 0ms (cache hit)
127 http cache aes-js@https://registry.npmjs.org/aes-js/-/aes-js-4.0.0-beta.5.tgz 0ms (cache hit)
128 http cache adm-zip@https://registry.npmjs.org/adm-zip/-/adm-zip-0.4.16.tgz 0ms (cache hit)
129 http cache acorn@https://registry.npmjs.org/acorn/-/acorn-8.15.0.tgz 0ms (cache hit)
130 http cache @tsconfig/node14@https://registry.npmjs.org/@tsconfig/node14/-/node14-1.0.3.tgz 0ms (cache hit)
131 http cache @tsconfig/node16@https://registry.npmjs.org/@tsconfig/node16/-/node16-1.0.4.tgz 0ms (cache hit)
132 http cache dotenv@https://registry.npmjs.org/dotenv/-/dotenv-17.2.1.tgz 0ms (cache hit)
133 http cache @tsconfig/node10@https://registry.npmjs.org/@tsconfig/node10/-/node10-1.0.11.tgz 0ms (cache hit)
134 http cache @types/node@https://registry.npmjs.org/@types/node/-/node-20.19.11.tgz 0ms (cache hit)
135 http cache @tsconfig/node12@https://registry.npmjs.org/@tsconfig/node12/-/node12-1.0.11.tgz 0ms (cache hit)
136 http cache @streamparser/json-node@https://registry.npmjs.org/@streamparser/json-node/-/json-node-0.0.22.tgz 0ms (cache hit)
137 http cache @streamparser/json@https://registry.npmjs.org/@streamparser/json/-/json-0.0.22.tgz 0ms (cache hit)
138 http cache @nomicfoundation/solidity-analyzer-linux-x64-musl@https://registry.npmjs.org/@nomicfoundation/solidity-analyzer-linux-x64-musl/-/solidity-analyzer-linux-x64-musl-0.1.2.tgz 0ms (cache hit)
139 http cache @scure/base@https://registry.npmjs.org/@scure/base/-/base-1.1.9.tgz 0ms (cache hit)
140 http cache @scure/bip39@https://registry.npmjs.org/@scure/bip39/-/bip39-1.3.0.tgz 0ms (cache hit)
141 http cache @nomicfoundation/solidity-analyzer-win32-x64-msvc@https://registry.npmjs.org/@nomicfoundation/solidity-analyzer-win32-x64-msvc/-/solidity-analyzer-win32-x64-msvc-0.1.2.tgz 0ms (cache hit)
142 http cache @sentry/core@https://registry.npmjs.org/@sentry/core/-/core-9.46.0.tgz 0ms (cache hit)
143 http cache @nomicfoundation/solidity-analyzer-linux-arm64-musl@https://registry.npmjs.org/@nomicfoundation/solidity-analyzer-linux-arm64-musl/-/solidity-analyzer-linux-arm64-musl-0.1.2.tgz 0ms (cache hit)
144 http cache @nomicfoundation/solidity-analyzer-darwin-x64@https://registry.npmjs.org/@nomicfoundation/solidity-analyzer-darwin-x64/-/solidity-analyzer-darwin-x64-0.1.2.tgz 0ms (cache hit)
145 http cache @scure/bip32@https://registry.npmjs.org/@scure/bip32/-/bip32-1.4.0.tgz 0ms (cache hit)
146 http cache @nomicfoundation/solidity-analyzer-linux-x64-gnu@https://registry.npmjs.org/@nomicfoundation/solidity-analyzer-linux-x64-gnu/-/solidity-analyzer-linux-x64-gnu-0.1.2.tgz 0ms (cache hit)
147 http cache @nomicfoundation/solidity-analyzer@https://registry.npmjs.org/@nomicfoundation/solidity-analyzer/-/solidity-analyzer-0.1.2.tgz 0ms (cache hit)
148 http cache @nomicfoundation/solidity-analyzer-linux-arm64-gnu@https://registry.npmjs.org/@nomicfoundation/solidity-analyzer-linux-arm64-gnu/-/solidity-analyzer-linux-arm64-gnu-0.1.2.tgz 0ms (cache hit)
149 http cache @nomicfoundation/solidity-analyzer-darwin-arm64@https://registry.npmjs.org/@nomicfoundation/solidity-analyzer-darwin-arm64/-/solidity-analyzer-darwin-arm64-0.1.2.tgz 0ms (cache hit)
150 http cache @nomicfoundation/ignition-ui@https://registry.npmjs.org/@nomicfoundation/ignition-ui/-/ignition-ui-3.0.1.tgz 0ms (cache hit)
151 http cache @nomicfoundation/ignition-core@https://registry.npmjs.org/@nomicfoundation/ignition-core/-/ignition-core-3.0.1.tgz 0ms (cache hit)
152 http cache @nomicfoundation/hardhat-verify@https://registry.npmjs.org/@nomicfoundation/hardhat-verify/-/hardhat-verify-3.0.0.tgz 0ms (cache hit)
153 http cache @nomicfoundation/hardhat-ignition@https://registry.npmjs.org/@nomicfoundation/hardhat-ignition/-/hardhat-ignition-3.0.1.tgz 0ms (cache hit)
154 http cache @nomicfoundation/hardhat-ethers@https://registry.npmjs.org/@nomicfoundation/hardhat-ethers/-/hardhat-ethers-4.0.0.tgz 0ms (cache hit)
155 http cache @nomicfoundation/hardhat-utils@https://registry.npmjs.org/@nomicfoundation/hardhat-utils/-/hardhat-utils-3.0.0.tgz 0ms (cache hit)
156 http cache @nomicfoundation/hardhat-errors@https://registry.npmjs.org/@nomicfoundation/hardhat-errors/-/hardhat-errors-3.0.0.tgz 0ms (cache hit)
157 http cache @nomicfoundation/edr-linux-x64-musl@https://registry.npmjs.org/@nomicfoundation/edr-linux-x64-musl/-/edr-linux-x64-musl-0.12.0-next.5.tgz 0ms (cache hit)
158 http cache @nomicfoundation/edr-win32-x64-msvc@https://registry.npmjs.org/@nomicfoundation/edr-win32-x64-msvc/-/edr-win32-x64-msvc-0.12.0-next.5.tgz 0ms (cache hit)
159 http cache @nomicfoundation/hardhat-zod-utils@https://registry.npmjs.org/@nomicfoundation/hardhat-zod-utils/-/hardhat-zod-utils-3.0.0.tgz 0ms (cache hit)
160 http cache @nomicfoundation/edr-linux-arm64-musl@https://registry.npmjs.org/@nomicfoundation/edr-linux-arm64-musl/-/edr-linux-arm64-musl-0.12.0-next.5.tgz 0ms (cache hit)
161 http cache @nomicfoundation/edr-linux-x64-gnu@https://registry.npmjs.org/@nomicfoundation/edr-linux-x64-gnu/-/edr-linux-x64-gnu-0.12.0-next.5.tgz 0ms (cache hit)
162 http cache @nomicfoundation/edr-darwin-x64@https://registry.npmjs.org/@nomicfoundation/edr-darwin-x64/-/edr-darwin-x64-0.12.0-next.5.tgz 0ms (cache hit)
163 http cache @nomicfoundation/edr-linux-arm64-gnu@https://registry.npmjs.org/@nomicfoundation/edr-linux-arm64-gnu/-/edr-linux-arm64-gnu-0.12.0-next.5.tgz 0ms (cache hit)
164 http cache @nomicfoundation/edr@https://registry.npmjs.org/@nomicfoundation/edr/-/edr-0.12.0-next.5.tgz 0ms (cache hit)
165 http cache @nomicfoundation/edr-darwin-arm64@https://registry.npmjs.org/@nomicfoundation/edr-darwin-arm64/-/edr-darwin-arm64-0.12.0-next.5.tgz 0ms (cache hit)
166 http cache @noble/hashes@https://registry.npmjs.org/@noble/hashes/-/hashes-1.4.0.tgz 0ms (cache hit)
167 http cache @jridgewell/trace-mapping@https://registry.npmjs.org/@jridgewell/trace-mapping/-/trace-mapping-0.3.9.tgz 0ms (cache hit)
168 http cache @noble/curves@https://registry.npmjs.org/@noble/curves/-/curves-1.8.2.tgz 0ms (cache hit)
169 http cache @jridgewell/resolve-uri@https://registry.npmjs.org/@jridgewell/resolve-uri/-/resolve-uri-3.1.2.tgz 0ms (cache hit)
170 http cache @jridgewell/sourcemap-codec@https://registry.npmjs.org/@jridgewell/sourcemap-codec/-/sourcemap-codec-1.5.5.tgz 0ms (cache hit)
171 http cache @ethersproject/transactions@https://registry.npmjs.org/@ethersproject/transactions/-/transactions-5.8.0.tgz 0ms (cache hit)
172 http cache @ethersproject/strings@https://registry.npmjs.org/@ethersproject/strings/-/strings-5.8.0.tgz 0ms (cache hit)
173 http cache @ethersproject/rlp@https://registry.npmjs.org/@ethersproject/rlp/-/rlp-5.8.0.tgz 0ms (cache hit)
174 http cache @ethersproject/signing-key@https://registry.npmjs.org/@ethersproject/signing-key/-/signing-key-5.8.0.tgz 0ms (cache hit)
175 http cache @ethersproject/web@https://registry.npmjs.org/@ethersproject/web/-/web-5.8.0.tgz 0ms (cache hit)
176 http cache @ethersproject/networks@https://registry.npmjs.org/@ethersproject/networks/-/networks-5.8.0.tgz 0ms (cache hit)
177 http cache @ethersproject/keccak256@https://registry.npmjs.org/@ethersproject/keccak256/-/keccak256-5.8.0.tgz 0ms (cache hit)
178 http cache @ethersproject/properties@https://registry.npmjs.org/@ethersproject/properties/-/properties-5.8.0.tgz 0ms (cache hit)
179 http cache @ethersproject/logger@https://registry.npmjs.org/@ethersproject/logger/-/logger-5.8.0.tgz 0ms (cache hit)
180 http cache @ethersproject/hash@https://registry.npmjs.org/@ethersproject/hash/-/hash-5.8.0.tgz 0ms (cache hit)
181 http cache @ethersproject/constants@https://registry.npmjs.org/@ethersproject/constants/-/constants-5.8.0.tgz 0ms (cache hit)
182 http cache @ethersproject/bytes@https://registry.npmjs.org/@ethersproject/bytes/-/bytes-5.8.0.tgz 0ms (cache hit)
183 http cache @ethersproject/abstract-signer@https://registry.npmjs.org/@ethersproject/abstract-signer/-/abstract-signer-5.8.0.tgz 0ms (cache hit)
184 http cache @ethersproject/abstract-provider@https://registry.npmjs.org/@ethersproject/abstract-provider/-/abstract-provider-5.8.0.tgz 0ms (cache hit)
185 http cache @ethersproject/base64@https://registry.npmjs.org/@ethersproject/base64/-/base64-5.8.0.tgz 0ms (cache hit)
186 http cache @ethersproject/address@https://registry.npmjs.org/@ethersproject/address/-/address-5.8.0.tgz 0ms (cache hit)
187 http cache @ethersproject/bignumber@https://registry.npmjs.org/@ethersproject/bignumber/-/bignumber-5.8.0.tgz 0ms (cache hit)
188 http cache @ethersproject/abi@https://registry.npmjs.org/@ethersproject/abi/-/abi-5.8.0.tgz 0ms (cache hit)
189 http cache @esbuild/win32-x64@https://registry.npmjs.org/@esbuild/win32-x64/-/win32-x64-0.25.9.tgz 0ms (cache hit)
190 http cache @adraffy/ens-normalize@https://registry.npmjs.org/@adraffy/ens-normalize/-/ens-normalize-1.10.1.tgz 0ms (cache hit)
191 http cache @scure/base@https://registry.npmjs.org/@scure/base/-/base-1.2.6.tgz 0ms (cache hit)
192 http cache diff@https://registry.npmjs.org/diff/-/diff-4.0.2.tgz 0ms (cache hit)
193 http cache ws@https://registry.npmjs.org/ws/-/ws-8.17.1.tgz 0ms (cache hit)
194 http cache @cspotcode/source-map-support@https://registry.npmjs.org/@cspotcode/source-map-support/-/source-map-support-0.8.1.tgz 0ms (cache hit)
195 http cache tslib@https://registry.npmjs.org/tslib/-/tslib-2.7.0.tgz 0ms (cache hit)
196 http cache undici-types@https://registry.npmjs.org/undici-types/-/undici-types-6.19.8.tgz 0ms (cache hit)
197 http cache @noble/hashes@https://registry.npmjs.org/@noble/hashes/-/hashes-1.7.2.tgz 0ms (cache hit)
198 http cache @types/node@https://registry.npmjs.org/@types/node/-/node-22.7.5.tgz 0ms (cache hit)
199 http cache @noble/curves@https://registry.npmjs.org/@noble/curves/-/curves-1.4.2.tgz 0ms (cache hit)
200 http cache @noble/hashes@https://registry.npmjs.org/@noble/hashes/-/hashes-1.3.2.tgz 0ms (cache hit)
201 http cache @noble/curves@https://registry.npmjs.org/@noble/curves/-/curves-1.2.0.tgz 0ms (cache hit)
202 http cache @noble/curves@https://registry.npmjs.org/@noble/curves/-/curves-1.4.2.tgz 0ms (cache hit)
203 http cache @noble/hashes@https://registry.npmjs.org/@noble/hashes/-/hashes-1.7.2.tgz 0ms (cache hit)
204 http cache bn.js@https://registry.npmjs.org/bn.js/-/bn.js-4.12.2.tgz 0ms (cache hit)
205 silly tarball no local data for zod@https://registry.npmjs.org/zod/-/zod-3.25.76.tgz. Extracting by manifest.
206 silly tarball no local data for yn@https://registry.npmjs.org/yn/-/yn-3.1.1.tgz. Extracting by manifest.
207 silly tarball no local data for v8-compile-cache-lib@https://registry.npmjs.org/v8-compile-cache-lib/-/v8-compile-cache-lib-3.0.1.tgz. Extracting by manifest.
208 http cache @ethersproject/address@https://registry.npmjs.org/@ethersproject/address/-/address-5.6.1.tgz 0ms (cache hit)
209 silly tarball no local data for ws@https://registry.npmjs.org/ws/-/ws-8.18.3.tgz. Extracting by manifest.
210 silly tarball no local data for util-deprecate@https://registry.npmjs.org/util-deprecate/-/util-deprecate-1.0.2.tgz. Extracting by manifest.
211 silly tarball no local data for undici-types@https://registry.npmjs.org/undici-types/-/undici-types-6.21.0.tgz. Extracting by manifest.
212 silly tarball no local data for typescript@https://registry.npmjs.org/typescript/-/typescript-5.9.2.tgz. Extracting by manifest.
213 silly tarball no local data for ts-node@https://registry.npmjs.org/ts-node/-/ts-node-10.9.2.tgz. Extracting by manifest.
214 silly tarball no local data for tsx@https://registry.npmjs.org/tsx/-/tsx-4.20.5.tgz. Extracting by manifest.
215 silly tarball no local data for strip-ansi@https://registry.npmjs.org/strip-ansi/-/strip-ansi-6.0.1.tgz. Extracting by manifest.
216 silly tarball no local data for string_decoder@https://registry.npmjs.org/string_decoder/-/string_decoder-1.3.0.tgz. Extracting by manifest.
217 silly tarball no local data for through2@https://registry.npmjs.org/through2/-/through2-4.0.2.tgz. Extracting by manifest.
218 silly tarball no local data for split2@https://registry.npmjs.org/split2/-/split2-3.2.2.tgz. Extracting by manifest.
219 silly tarball no local data for sisteransi@https://registry.npmjs.org/sisteransi/-/sisteransi-1.0.5.tgz. Extracting by manifest.
220 silly tarball no local data for semver@https://registry.npmjs.org/semver/-/semver-7.7.2.tgz. Extracting by manifest.
221 silly tarball no local data for safe-buffer@https://registry.npmjs.org/safe-buffer/-/safe-buffer-5.2.1.tgz. Extracting by manifest.
222 silly tarball no local data for resolve-pkg-maps@https://registry.npmjs.org/resolve-pkg-maps/-/resolve-pkg-maps-1.0.0.tgz. Extracting by manifest.
223 silly tarball no local data for rfdc@https://registry.npmjs.org/rfdc/-/rfdc-1.4.1.tgz. Extracting by manifest.
224 silly tarball no local data for resolve.exports@https://registry.npmjs.org/resolve.exports/-/resolve.exports-2.0.3.tgz. Extracting by manifest.
225 silly tarball no local data for readable-stream@https://registry.npmjs.org/readable-stream/-/readable-stream-3.6.2.tgz. Extracting by manifest.
226 silly tarball no local data for ndjson@https://registry.npmjs.org/ndjson/-/ndjson-2.0.0.tgz. Extracting by manifest.
227 silly tarball no local data for prompts@https://registry.npmjs.org/prompts/-/prompts-2.4.2.tgz. Extracting by manifest.
228 silly tarball no local data for p-map@https://registry.npmjs.org/p-map/-/p-map-7.0.3.tgz. Extracting by manifest.
229 silly tarball no local data for ms@https://registry.npmjs.org/ms/-/ms-2.1.3.tgz. Extracting by manifest.
230 silly tarball no local data for minimist@https://registry.npmjs.org/minimist/-/minimist-1.2.8.tgz. Extracting by manifest.
231 silly tarball no local data for minimalistic-assert@https://registry.npmjs.org/minimalistic-assert/-/minimalistic-assert-1.0.1.tgz. Extracting by manifest.
232 silly tarball no local data for micro-packed@https://registry.npmjs.org/micro-packed/-/micro-packed-0.7.3.tgz. Extracting by manifest.
233 silly tarball no local data for minimalistic-crypto-utils@https://registry.npmjs.org/minimalistic-crypto-utils/-/minimalistic-crypto-utils-1.0.1.tgz. Extracting by manifest.
234 silly tarball no local data for make-error@https://registry.npmjs.org/make-error/-/make-error-1.3.6.tgz. Extracting by manifest.
235 silly tarball no local data for micro-eth-signer@https://registry.npmjs.org/micro-eth-signer/-/micro-eth-signer-0.14.0.tgz. Extracting by manifest.
236 silly tarball no local data for lodash-es@https://registry.npmjs.org/lodash-es/-/lodash-es-4.17.21.tgz. Extracting by manifest.
237 silly tarball no local data for kleur@https://registry.npmjs.org/kleur/-/kleur-3.0.3.tgz. Extracting by manifest.
238 silly tarball no local data for json-stringify-safe@https://registry.npmjs.org/json-stringify-safe/-/json-stringify-safe-5.0.1.tgz. Extracting by manifest.
239 silly tarball no local data for js-sha3@https://registry.npmjs.org/js-sha3/-/js-sha3-0.8.0.tgz. Extracting by manifest.
240 silly tarball no local data for json5@https://registry.npmjs.org/json5/-/json5-2.2.3.tgz. Extracting by manifest.
241 silly tarball no local data for json-stream-stringify@https://registry.npmjs.org/json-stream-stringify/-/json-stream-stringify-3.1.6.tgz. Extracting by manifest.
242 silly tarball no local data for inherits@https://registry.npmjs.org/inherits/-/inherits-2.0.4.tgz. Extracting by manifest.
243 silly tarball no local data for hmac-drbg@https://registry.npmjs.org/hmac-drbg/-/hmac-drbg-1.0.1.tgz. Extracting by manifest.
244 silly tarball no local data for immer@https://registry.npmjs.org/immer/-/immer-10.0.2.tgz. Extracting by manifest.
245 silly tarball no local data for get-tsconfig@https://registry.npmjs.org/get-tsconfig/-/get-tsconfig-4.10.1.tgz. Extracting by manifest.
246 silly tarball no local data for hardhat@https://registry.npmjs.org/hardhat/-/hardhat-3.0.3.tgz. Extracting by manifest.
247 silly tarball no local data for hash.js@https://registry.npmjs.org/hash.js/-/hash.js-1.1.7.tgz. Extracting by manifest.
248 silly tarball no local data for ethers@https://registry.npmjs.org/ethers/-/ethers-6.15.0.tgz. Extracting by manifest.
249 silly tarball no local data for fast-equals@https://registry.npmjs.org/fast-equals/-/fast-equals-5.2.2.tgz. Extracting by manifest.
250 silly tarball no local data for ethereum-cryptography@https://registry.npmjs.org/ethereum-cryptography/-/ethereum-cryptography-2.2.1.tgz. Extracting by manifest.
251 silly tarball no local data for esbuild@https://registry.npmjs.org/esbuild/-/esbuild-0.25.9.tgz. Extracting by manifest.
252 http cache undici@https://registry.npmjs.org/undici/-/undici-6.21.3.tgz 0ms (cache hit)
253 silly tarball no local data for env-paths@https://registry.npmjs.org/env-paths/-/env-paths-2.2.1.tgz. Extracting by manifest.
254 silly tarball no local data for debug@https://registry.npmjs.org/debug/-/debug-4.4.1.tgz. Extracting by manifest.
255 silly tarball no local data for enquirer@https://registry.npmjs.org/enquirer/-/enquirer-2.4.1.tgz. Extracting by manifest.
256 silly tarball no local data for chalk@https://registry.npmjs.org/chalk/-/chalk-5.6.0.tgz. Extracting by manifest.
257 silly tarball no local data for brorand@https://registry.npmjs.org/brorand/-/brorand-1.1.0.tgz. Extracting by manifest.
258 silly tarball no local data for create-require@https://registry.npmjs.org/create-require/-/create-require-1.1.1.tgz. Extracting by manifest.
259 silly tarball no local data for elliptic@https://registry.npmjs.org/elliptic/-/elliptic-6.6.1.tgz. Extracting by manifest.
260 silly tarball no local data for cbor2@https://registry.npmjs.org/cbor2/-/cbor2-1.12.0.tgz. Extracting by manifest.
261 silly tarball no local data for bn.js@https://registry.npmjs.org/bn.js/-/bn.js-5.2.2.tgz. Extracting by manifest.
262 silly tarball no local data for arg@https://registry.npmjs.org/arg/-/arg-4.1.3.tgz. Extracting by manifest.
263 silly tarball no local data for ansi-regex@https://registry.npmjs.org/ansi-regex/-/ansi-regex-5.0.1.tgz. Extracting by manifest.
264 silly tarball no local data for ansi-colors@https://registry.npmjs.org/ansi-colors/-/ansi-colors-4.1.3.tgz. Extracting by manifest.
265 silly tarball no local data for acorn-walk@https://registry.npmjs.org/acorn-walk/-/acorn-walk-8.3.4.tgz. Extracting by manifest.
266 silly tarball no local data for aes-js@https://registry.npmjs.org/aes-js/-/aes-js-4.0.0-beta.5.tgz. Extracting by manifest.
267 silly tarball no local data for adm-zip@https://registry.npmjs.org/adm-zip/-/adm-zip-0.4.16.tgz. Extracting by manifest.
268 silly tarball no local data for acorn@https://registry.npmjs.org/acorn/-/acorn-8.15.0.tgz. Extracting by manifest.
269 silly tarball no local data for @tsconfig/node14@https://registry.npmjs.org/@tsconfig/node14/-/node14-1.0.3.tgz. Extracting by manifest.
270 silly tarball no local data for @tsconfig/node16@https://registry.npmjs.org/@tsconfig/node16/-/node16-1.0.4.tgz. Extracting by manifest.
271 silly tarball no local data for dotenv@https://registry.npmjs.org/dotenv/-/dotenv-17.2.1.tgz. Extracting by manifest.
272 silly tarball no local data for @tsconfig/node10@https://registry.npmjs.org/@tsconfig/node10/-/node10-1.0.11.tgz. Extracting by manifest.
273 silly tarball no local data for @types/node@https://registry.npmjs.org/@types/node/-/node-20.19.11.tgz. Extracting by manifest.
274 silly tarball no local data for @tsconfig/node12@https://registry.npmjs.org/@tsconfig/node12/-/node12-1.0.11.tgz. Extracting by manifest.
275 silly tarball no local data for @streamparser/json-node@https://registry.npmjs.org/@streamparser/json-node/-/json-node-0.0.22.tgz. Extracting by manifest.
276 silly tarball no local data for @streamparser/json@https://registry.npmjs.org/@streamparser/json/-/json-0.0.22.tgz. Extracting by manifest.
277 silly tarball no local data for @nomicfoundation/solidity-analyzer-linux-x64-musl@https://registry.npmjs.org/@nomicfoundation/solidity-analyzer-linux-x64-musl/-/solidity-analyzer-linux-x64-musl-0.1.2.tgz. Extracting by manifest.
278 silly tarball no local data for @scure/base@https://registry.npmjs.org/@scure/base/-/base-1.1.9.tgz. Extracting by manifest.
279 silly tarball no local data for @scure/bip39@https://registry.npmjs.org/@scure/bip39/-/bip39-1.3.0.tgz. Extracting by manifest.
280 silly tarball no local data for @nomicfoundation/solidity-analyzer-win32-x64-msvc@https://registry.npmjs.org/@nomicfoundation/solidity-analyzer-win32-x64-msvc/-/solidity-analyzer-win32-x64-msvc-0.1.2.tgz. Extracting by manifest.
281 silly tarball no local data for @sentry/core@https://registry.npmjs.org/@sentry/core/-/core-9.46.0.tgz. Extracting by manifest.
282 silly tarball no local data for @nomicfoundation/solidity-analyzer-linux-arm64-musl@https://registry.npmjs.org/@nomicfoundation/solidity-analyzer-linux-arm64-musl/-/solidity-analyzer-linux-arm64-musl-0.1.2.tgz. Extracting by manifest.
283 silly tarball no local data for @nomicfoundation/solidity-analyzer-darwin-x64@https://registry.npmjs.org/@nomicfoundation/solidity-analyzer-darwin-x64/-/solidity-analyzer-darwin-x64-0.1.2.tgz. Extracting by manifest.
284 silly tarball no local data for @scure/bip32@https://registry.npmjs.org/@scure/bip32/-/bip32-1.4.0.tgz. Extracting by manifest.
285 silly tarball no local data for @nomicfoundation/solidity-analyzer-linux-x64-gnu@https://registry.npmjs.org/@nomicfoundation/solidity-analyzer-linux-x64-gnu/-/solidity-analyzer-linux-x64-gnu-0.1.2.tgz. Extracting by manifest.
286 silly tarball no local data for @nomicfoundation/solidity-analyzer@https://registry.npmjs.org/@nomicfoundation/solidity-analyzer/-/solidity-analyzer-0.1.2.tgz. Extracting by manifest.
287 silly tarball no local data for @nomicfoundation/solidity-analyzer-linux-arm64-gnu@https://registry.npmjs.org/@nomicfoundation/solidity-analyzer-linux-arm64-gnu/-/solidity-analyzer-linux-arm64-gnu-0.1.2.tgz. Extracting by manifest.
288 silly tarball no local data for @nomicfoundation/solidity-analyzer-darwin-arm64@https://registry.npmjs.org/@nomicfoundation/solidity-analyzer-darwin-arm64/-/solidity-analyzer-darwin-arm64-0.1.2.tgz. Extracting by manifest.
289 silly tarball no local data for @nomicfoundation/ignition-ui@https://registry.npmjs.org/@nomicfoundation/ignition-ui/-/ignition-ui-3.0.1.tgz. Extracting by manifest.
290 silly tarball no local data for @nomicfoundation/ignition-core@https://registry.npmjs.org/@nomicfoundation/ignition-core/-/ignition-core-3.0.1.tgz. Extracting by manifest.
291 silly tarball no local data for @nomicfoundation/hardhat-verify@https://registry.npmjs.org/@nomicfoundation/hardhat-verify/-/hardhat-verify-3.0.0.tgz. Extracting by manifest.
292 silly tarball no local data for @nomicfoundation/hardhat-ignition@https://registry.npmjs.org/@nomicfoundation/hardhat-ignition/-/hardhat-ignition-3.0.1.tgz. Extracting by manifest.
293 silly tarball no local data for @nomicfoundation/hardhat-ethers@https://registry.npmjs.org/@nomicfoundation/hardhat-ethers/-/hardhat-ethers-4.0.0.tgz. Extracting by manifest.
294 silly tarball no local data for @nomicfoundation/hardhat-utils@https://registry.npmjs.org/@nomicfoundation/hardhat-utils/-/hardhat-utils-3.0.0.tgz. Extracting by manifest.
295 silly tarball no local data for @nomicfoundation/hardhat-errors@https://registry.npmjs.org/@nomicfoundation/hardhat-errors/-/hardhat-errors-3.0.0.tgz. Extracting by manifest.
296 silly tarball no local data for @nomicfoundation/edr-linux-x64-musl@https://registry.npmjs.org/@nomicfoundation/edr-linux-x64-musl/-/edr-linux-x64-musl-0.12.0-next.5.tgz. Extracting by manifest.
297 silly tarball no local data for @nomicfoundation/edr-win32-x64-msvc@https://registry.npmjs.org/@nomicfoundation/edr-win32-x64-msvc/-/edr-win32-x64-msvc-0.12.0-next.5.tgz. Extracting by manifest.
298 silly tarball no local data for @nomicfoundation/hardhat-zod-utils@https://registry.npmjs.org/@nomicfoundation/hardhat-zod-utils/-/hardhat-zod-utils-3.0.0.tgz. Extracting by manifest.
299 silly tarball no local data for @nomicfoundation/edr-linux-arm64-musl@https://registry.npmjs.org/@nomicfoundation/edr-linux-arm64-musl/-/edr-linux-arm64-musl-0.12.0-next.5.tgz. Extracting by manifest.
300 silly tarball no local data for @nomicfoundation/edr-linux-x64-gnu@https://registry.npmjs.org/@nomicfoundation/edr-linux-x64-gnu/-/edr-linux-x64-gnu-0.12.0-next.5.tgz. Extracting by manifest.
301 silly tarball no local data for @nomicfoundation/edr-darwin-x64@https://registry.npmjs.org/@nomicfoundation/edr-darwin-x64/-/edr-darwin-x64-0.12.0-next.5.tgz. Extracting by manifest.
302 silly tarball no local data for @nomicfoundation/edr-linux-arm64-gnu@https://registry.npmjs.org/@nomicfoundation/edr-linux-arm64-gnu/-/edr-linux-arm64-gnu-0.12.0-next.5.tgz. Extracting by manifest.
303 silly tarball no local data for @nomicfoundation/edr@https://registry.npmjs.org/@nomicfoundation/edr/-/edr-0.12.0-next.5.tgz. Extracting by manifest.
304 silly tarball no local data for @nomicfoundation/edr-darwin-arm64@https://registry.npmjs.org/@nomicfoundation/edr-darwin-arm64/-/edr-darwin-arm64-0.12.0-next.5.tgz. Extracting by manifest.
305 silly tarball no local data for @noble/hashes@https://registry.npmjs.org/@noble/hashes/-/hashes-1.4.0.tgz. Extracting by manifest.
306 silly tarball no local data for @jridgewell/trace-mapping@https://registry.npmjs.org/@jridgewell/trace-mapping/-/trace-mapping-0.3.9.tgz. Extracting by manifest.
307 silly tarball no local data for @noble/curves@https://registry.npmjs.org/@noble/curves/-/curves-1.8.2.tgz. Extracting by manifest.
308 silly tarball no local data for @jridgewell/resolve-uri@https://registry.npmjs.org/@jridgewell/resolve-uri/-/resolve-uri-3.1.2.tgz. Extracting by manifest.
309 silly tarball no local data for @jridgewell/sourcemap-codec@https://registry.npmjs.org/@jridgewell/sourcemap-codec/-/sourcemap-codec-1.5.5.tgz. Extracting by manifest.
310 silly tarball no local data for @ethersproject/transactions@https://registry.npmjs.org/@ethersproject/transactions/-/transactions-5.8.0.tgz. Extracting by manifest.
311 silly tarball no local data for @ethersproject/strings@https://registry.npmjs.org/@ethersproject/strings/-/strings-5.8.0.tgz. Extracting by manifest.
312 silly tarball no local data for @ethersproject/rlp@https://registry.npmjs.org/@ethersproject/rlp/-/rlp-5.8.0.tgz. Extracting by manifest.
313 silly tarball no local data for @ethersproject/signing-key@https://registry.npmjs.org/@ethersproject/signing-key/-/signing-key-5.8.0.tgz. Extracting by manifest.
314 silly tarball no local data for @ethersproject/web@https://registry.npmjs.org/@ethersproject/web/-/web-5.8.0.tgz. Extracting by manifest.
315 silly tarball no local data for @ethersproject/networks@https://registry.npmjs.org/@ethersproject/networks/-/networks-5.8.0.tgz. Extracting by manifest.
316 silly tarball no local data for @ethersproject/keccak256@https://registry.npmjs.org/@ethersproject/keccak256/-/keccak256-5.8.0.tgz. Extracting by manifest.
317 silly tarball no local data for @ethersproject/properties@https://registry.npmjs.org/@ethersproject/properties/-/properties-5.8.0.tgz. Extracting by manifest.
318 silly tarball no local data for @ethersproject/logger@https://registry.npmjs.org/@ethersproject/logger/-/logger-5.8.0.tgz. Extracting by manifest.
319 silly tarball no local data for @ethersproject/hash@https://registry.npmjs.org/@ethersproject/hash/-/hash-5.8.0.tgz. Extracting by manifest.
320 silly tarball no local data for @ethersproject/constants@https://registry.npmjs.org/@ethersproject/constants/-/constants-5.8.0.tgz. Extracting by manifest.
321 silly tarball no local data for @ethersproject/bytes@https://registry.npmjs.org/@ethersproject/bytes/-/bytes-5.8.0.tgz. Extracting by manifest.
322 silly tarball no local data for @ethersproject/abstract-signer@https://registry.npmjs.org/@ethersproject/abstract-signer/-/abstract-signer-5.8.0.tgz. Extracting by manifest.
323 silly tarball no local data for @ethersproject/abstract-provider@https://registry.npmjs.org/@ethersproject/abstract-provider/-/abstract-provider-5.8.0.tgz. Extracting by manifest.
324 silly tarball no local data for @ethersproject/base64@https://registry.npmjs.org/@ethersproject/base64/-/base64-5.8.0.tgz. Extracting by manifest.
325 silly tarball no local data for @ethersproject/address@https://registry.npmjs.org/@ethersproject/address/-/address-5.8.0.tgz. Extracting by manifest.
326 silly tarball no local data for @ethersproject/bignumber@https://registry.npmjs.org/@ethersproject/bignumber/-/bignumber-5.8.0.tgz. Extracting by manifest.
327 silly tarball no local data for @ethersproject/abi@https://registry.npmjs.org/@ethersproject/abi/-/abi-5.8.0.tgz. Extracting by manifest.
328 silly tarball no local data for @esbuild/win32-x64@https://registry.npmjs.org/@esbuild/win32-x64/-/win32-x64-0.25.9.tgz. Extracting by manifest.
329 silly tarball no local data for @adraffy/ens-normalize@https://registry.npmjs.org/@adraffy/ens-normalize/-/ens-normalize-1.10.1.tgz. Extracting by manifest.
330 silly tarball no local data for @scure/base@https://registry.npmjs.org/@scure/base/-/base-1.2.6.tgz. Extracting by manifest.
331 silly tarball no local data for diff@https://registry.npmjs.org/diff/-/diff-4.0.2.tgz. Extracting by manifest.
332 silly tarball no local data for ws@https://registry.npmjs.org/ws/-/ws-8.17.1.tgz. Extracting by manifest.
333 silly tarball no local data for @cspotcode/source-map-support@https://registry.npmjs.org/@cspotcode/source-map-support/-/source-map-support-0.8.1.tgz. Extracting by manifest.
334 silly tarball no local data for tslib@https://registry.npmjs.org/tslib/-/tslib-2.7.0.tgz. Extracting by manifest.
335 silly tarball no local data for undici-types@https://registry.npmjs.org/undici-types/-/undici-types-6.19.8.tgz. Extracting by manifest.
336 silly tarball no local data for @noble/hashes@https://registry.npmjs.org/@noble/hashes/-/hashes-1.7.2.tgz. Extracting by manifest.
337 silly tarball no local data for @types/node@https://registry.npmjs.org/@types/node/-/node-22.7.5.tgz. Extracting by manifest.
338 silly tarball no local data for @noble/curves@https://registry.npmjs.org/@noble/curves/-/curves-1.4.2.tgz. Extracting by manifest.
339 silly tarball no local data for @noble/hashes@https://registry.npmjs.org/@noble/hashes/-/hashes-1.3.2.tgz. Extracting by manifest.
340 silly tarball no local data for @noble/curves@https://registry.npmjs.org/@noble/curves/-/curves-1.2.0.tgz. Extracting by manifest.
341 silly tarball no local data for @noble/curves@https://registry.npmjs.org/@noble/curves/-/curves-1.4.2.tgz. Extracting by manifest.
342 silly tarball no local data for @noble/hashes@https://registry.npmjs.org/@noble/hashes/-/hashes-1.7.2.tgz. Extracting by manifest.
343 silly tarball no local data for bn.js@https://registry.npmjs.org/bn.js/-/bn.js-4.12.2.tgz. Extracting by manifest.
344 silly tarball no local data for @ethersproject/address@https://registry.npmjs.org/@ethersproject/address/-/address-5.6.1.tgz. Extracting by manifest.
345 silly tarball no local data for undici@https://registry.npmjs.org/undici/-/undici-6.21.3.tgz. Extracting by manifest.
346 http fetch GET 200 https://registry.npmjs.org/strip-ansi/-/strip-ansi-6.0.1.tgz 212ms (cache miss)
347 http fetch GET 200 https://registry.npmjs.org/util-deprecate/-/util-deprecate-1.0.2.tgz 218ms (cache miss)
348 http fetch GET 200 https://registry.npmjs.org/yn/-/yn-3.1.1.tgz 224ms (cache miss)
349 http fetch GET 200 https://registry.npmjs.org/sisteransi/-/sisteransi-1.0.5.tgz 220ms (cache miss)
350 http fetch GET 200 https://registry.npmjs.org/through2/-/through2-4.0.2.tgz 224ms (cache miss)
351 http fetch GET 200 https://registry.npmjs.org/split2/-/split2-3.2.2.tgz 236ms (cache miss)
352 http fetch GET 200 https://registry.npmjs.org/string_decoder/-/string_decoder-1.3.0.tgz 241ms (cache miss)
353 http fetch GET 200 https://registry.npmjs.org/resolve-pkg-maps/-/resolve-pkg-maps-1.0.0.tgz 260ms (cache miss)
354 http fetch GET 200 https://registry.npmjs.org/resolve.exports/-/resolve.exports-2.0.3.tgz 264ms (cache miss)
355 http fetch GET 200 https://registry.npmjs.org/minimalistic-assert/-/minimalistic-assert-1.0.1.tgz 266ms (cache miss)
356 http fetch GET 200 https://registry.npmjs.org/safe-buffer/-/safe-buffer-5.2.1.tgz 274ms (cache miss)
357 http fetch GET 200 https://registry.npmjs.org/rfdc/-/rfdc-1.4.1.tgz 277ms (cache miss)
358 http fetch GET 200 https://registry.npmjs.org/p-map/-/p-map-7.0.3.tgz 283ms (cache miss)
359 http fetch GET 200 https://registry.npmjs.org/ms/-/ms-2.1.3.tgz 284ms (cache miss)
360 http fetch GET 200 https://registry.npmjs.org/ndjson/-/ndjson-2.0.0.tgz 286ms (cache miss)
361 http fetch GET 200 https://registry.npmjs.org/minimalistic-crypto-utils/-/minimalistic-crypto-utils-1.0.1.tgz 283ms (cache miss)
362 http fetch POST 200 https://registry.npmjs.org/-/npm/v1/security/advisories/bulk 377ms
363 silly audit report {
363 silly audit report   undici: [
363 silly audit report     {
363 silly audit report       id: 1112496,
363 silly audit report       url: 'https://github.com/advisories/GHSA-g9mf-h72j-4rw9',
363 silly audit report       title: 'Undici has an unbounded decompression chain in HTTP responses on Node.js Fetch API via Content-Encoding leads to resource exhaustion',
363 silly audit report       severity: 'moderate',
363 silly audit report       vulnerable_versions: '<6.23.0',
363 silly audit report       cwe: [Array],
363 silly audit report       cvss: [Object]
363 silly audit report     }
363 silly audit report   ],
363 silly audit report   'bn.js': [
363 silly audit report     {
363 silly audit report       id: 1113441,
363 silly audit report       url: 'https://github.com/advisories/GHSA-378v-28hj-76wf',
363 silly audit report       title: 'bn.js affected by an infinite loop',
363 silly audit report       severity: 'moderate',
363 silly audit report       vulnerable_versions: '>=5.0.0 <5.2.3',
363 silly audit report       cwe: [Array],
363 silly audit report       cvss: [Object]
363 silly audit report     },
363 silly audit report     {
363 silly audit report       id: 1113442,
363 silly audit report       url: 'https://github.com/advisories/GHSA-378v-28hj-76wf',
363 silly audit report       title: 'bn.js affected by an infinite loop',
363 silly audit report       severity: 'moderate',
363 silly audit report       vulnerable_versions: '<4.12.3',
363 silly audit report       cwe: [Array],
363 silly audit report       cvss: [Object]
363 silly audit report     }
363 silly audit report   ],
363 silly audit report   elliptic: [
363 silly audit report     {
363 silly audit report       id: 1112030,
363 silly audit report       url: 'https://github.com/advisories/GHSA-848j-6mx2-7j84',
363 silly audit report       title: 'Elliptic Uses a Cryptographic Primitive with a Risky Implementation',
363 silly audit report       severity: 'low',
363 silly audit report       vulnerable_versions: '<=6.6.1',
363 silly audit report       cwe: [Array],
363 silly audit report       cvss: [Object]
363 silly audit report     }
363 silly audit report   ],
363 silly audit report   'lodash-es': [
363 silly audit report     {
363 silly audit report       id: 1112453,
363 silly audit report       url: 'https://github.com/advisories/GHSA-xxjr-mmjv-4gpg',
363 silly audit report       title: 'Lodash has Prototype Pollution Vulnerability in `_.unset` and `_.omit` functions',
363 silly audit report       severity: 'moderate',
363 silly audit report       vulnerable_versions: '>=4.0.0 <=4.17.22',
363 silly audit report       cwe: [Array],
363 silly audit report       cvss: [Object]
363 silly audit report     }
363 silly audit report   ],
363 silly audit report   diff: [
363 silly audit report     {
363 silly audit report       id: 1112704,
363 silly audit report       url: 'https://github.com/advisories/GHSA-73rr-hh4g-fpgx',
363 silly audit report       title: 'jsdiff has a Denial of Service vulnerability in parsePatch and applyPatch',
363 silly audit report       severity: 'low',
363 silly audit report       vulnerable_versions: '>=4.0.0 <4.0.4',
363 silly audit report       cwe: [Array],
363 silly audit report       cvss: [Object]
363 silly audit report     }
363 silly audit report   ]
363 silly audit report }
364 silly packumentCache corgi:https://registry.npmjs.org/undici cache-miss
365 silly packumentCache corgi:https://registry.npmjs.org/bn.js cache-miss
366 silly packumentCache corgi:https://registry.npmjs.org/elliptic cache-miss
367 silly packumentCache corgi:https://registry.npmjs.org/lodash-es cache-miss
368 silly packumentCache corgi:https://registry.npmjs.org/diff cache-miss
369 http fetch GET 200 https://registry.npmjs.org/inherits/-/inherits-2.0.4.tgz 343ms (cache miss)
370 http fetch GET 200 https://registry.npmjs.org/make-error/-/make-error-1.3.6.tgz 346ms (cache miss)
371 http fetch GET 200 https://registry.npmjs.org/kleur/-/kleur-3.0.3.tgz 348ms (cache miss)
372 http fetch GET 200 https://registry.npmjs.org/ws/-/ws-8.18.3.tgz 365ms (cache miss)
373 http fetch GET 200 https://registry.npmjs.org/json-stringify-safe/-/json-stringify-safe-5.0.1.tgz 362ms (cache miss)
374 http fetch GET 200 https://registry.npmjs.org/minimist/-/minimist-1.2.8.tgz 419ms (cache miss)
375 http fetch GET 200 https://registry.npmjs.org/js-sha3/-/js-sha3-0.8.0.tgz 416ms (cache miss)
376 http fetch GET 200 https://registry.npmjs.org/hmac-drbg/-/hmac-drbg-1.0.1.tgz 415ms (cache miss)
377 http fetch GET 200 https://registry.npmjs.org/readable-stream/-/readable-stream-3.6.2.tgz 424ms (cache miss)
378 http fetch GET 200 https://registry.npmjs.org/undici-types/-/undici-types-6.21.0.tgz 467ms (cache miss)
379 http fetch GET 200 https://registry.npmjs.org/esbuild/-/esbuild-0.25.9.tgz 461ms (cache miss)
380 http fetch GET 200 https://registry.npmjs.org/env-paths/-/env-paths-2.2.1.tgz 461ms (cache miss)
381 http fetch GET 200 https://registry.npmjs.org/create-require/-/create-require-1.1.1.tgz 479ms (cache miss)
382 http fetch GET 200 https://registry.npmjs.org/debug/-/debug-4.4.1.tgz 486ms (cache miss)
383 http fetch GET 200 https://registry.npmjs.org/get-tsconfig/-/get-tsconfig-4.10.1.tgz 496ms (cache miss)
384 http fetch GET 200 https://registry.npmjs.org/json-stream-stringify/-/json-stream-stringify-3.1.6.tgz 500ms (cache miss)
385 http fetch GET 200 https://registry.npmjs.org/brorand/-/brorand-1.1.0.tgz 498ms (cache miss)
386 http fetch GET 200 https://registry.npmjs.org/ansi-regex/-/ansi-regex-5.0.1.tgz 575ms (cache miss)
387 http fetch GET 200 https://registry.npmjs.org/arg/-/arg-4.1.3.tgz 578ms (cache miss)
388 http fetch GET 200 https://registry.npmjs.org/bn.js/-/bn.js-5.2.2.tgz 585ms (cache miss)
389 http fetch GET 200 https://registry.npmjs.org/hash.js/-/hash.js-1.1.7.tgz 598ms (cache miss)
390 http fetch GET 200 https://registry.npmjs.org/json5/-/json5-2.2.3.tgz 606ms (cache miss)
391 http fetch GET 200 https://registry.npmjs.org/chalk/-/chalk-5.6.0.tgz 604ms (cache miss)
392 http fetch GET 200 https://registry.npmjs.org/@tsconfig/node14/-/node14-1.0.3.tgz 607ms (cache miss)
393 http fetch GET 200 https://registry.npmjs.org/micro-packed/-/micro-packed-0.7.3.tgz 615ms (cache miss)
394 http fetch GET 200 https://registry.npmjs.org/ansi-colors/-/ansi-colors-4.1.3.tgz 626ms (cache miss)
395 http fetch GET 200 https://registry.npmjs.org/v8-compile-cache-lib/-/v8-compile-cache-lib-3.0.1.tgz 648ms (cache miss)
396 http fetch GET 200 https://registry.npmjs.org/acorn-walk/-/acorn-walk-8.3.4.tgz 640ms (cache miss)
397 http fetch GET 200 https://registry.npmjs.org/@tsconfig/node16/-/node16-1.0.4.tgz 653ms (cache miss)
398 http fetch GET 200 https://registry.npmjs.org/@tsconfig/node12/-/node12-1.0.11.tgz 659ms (cache miss)
399 http fetch GET 200 https://registry.npmjs.org/@tsconfig/node10/-/node10-1.0.11.tgz 660ms (cache miss)
400 http fetch GET 200 https://registry.npmjs.org/dotenv/-/dotenv-17.2.1.tgz 669ms (cache miss)
401 http fetch GET 200 https://registry.npmjs.org/semver/-/semver-7.7.2.tgz 689ms (cache miss)
402 http fetch GET 200 https://registry.npmjs.org/elliptic/-/elliptic-6.6.1.tgz 701ms (cache miss)
403 http fetch GET 200 https://registry.npmjs.org/adm-zip/-/adm-zip-0.4.16.tgz 707ms (cache miss)
404 http fetch GET 200 https://registry.npmjs.org/tsx/-/tsx-4.20.5.tgz 729ms (cache miss)
405 http fetch GET 200 https://registry.npmjs.org/@scure/base/-/base-1.1.9.tgz 751ms (cache miss)
406 http fetch GET 200 https://registry.npmjs.org/acorn/-/acorn-8.15.0.tgz 781ms (cache miss)
407 http fetch GET 200 https://registry.npmjs.org/@nomicfoundation/solidity-analyzer/-/solidity-analyzer-0.1.2.tgz 800ms (cache miss)
408 http fetch GET 200 https://registry.npmjs.org/@nomicfoundation/solidity-analyzer-darwin-x64/-/solidity-analyzer-darwin-x64-0.1.2.tgz 811ms (cache miss)
409 http fetch GET 200 https://registry.npmjs.org/@scure/bip32/-/bip32-1.4.0.tgz 828ms (cache miss)
410 http fetch GET 200 https://registry.npmjs.org/immer/-/immer-10.0.2.tgz 840ms (cache miss)
411 http fetch GET 200 https://registry.npmjs.org/@nomicfoundation/solidity-analyzer-win32-x64-msvc/-/solidity-analyzer-win32-x64-msvc-0.1.2.tgz 838ms (cache miss)
412 http fetch GET 200 https://registry.npmjs.org/cbor2/-/cbor2-1.12.0.tgz 853ms (cache miss)
413 http fetch GET 200 https://registry.npmjs.org/@nomicfoundation/solidity-analyzer-darwin-arm64/-/solidity-analyzer-darwin-arm64-0.1.2.tgz 882ms (cache miss)
414 http fetch GET 200 https://registry.npmjs.org/prompts/-/prompts-2.4.2.tgz 910ms (cache miss)
415 http fetch GET 200 https://registry.npmjs.org/enquirer/-/enquirer-2.4.1.tgz 906ms (cache miss)
416 http fetch GET 200 https://registry.npmjs.org/@nomicfoundation/solidity-analyzer-linux-x64-musl/-/solidity-analyzer-linux-x64-musl-0.1.2.tgz 938ms (cache miss)
417 http fetch GET 200 https://registry.npmjs.org/@nomicfoundation/solidity-analyzer-linux-arm64-musl/-/solidity-analyzer-linux-arm64-musl-0.1.2.tgz 946ms (cache miss)
418 http fetch GET 200 https://registry.npmjs.org/@nomicfoundation/solidity-analyzer-linux-x64-gnu/-/solidity-analyzer-linux-x64-gnu-0.1.2.tgz 968ms (cache miss)
419 http fetch GET 200 https://registry.npmjs.org/fast-equals/-/fast-equals-5.2.2.tgz 988ms (cache miss)
420 http fetch GET 200 https://registry.npmjs.org/@nomicfoundation/solidity-analyzer-linux-arm64-gnu/-/solidity-analyzer-linux-arm64-gnu-0.1.2.tgz 985ms (cache miss)
421 http fetch GET 200 https://registry.npmjs.org/ethereum-cryptography/-/ethereum-cryptography-2.2.1.tgz 997ms (cache miss)
422 http fetch GET 200 https://registry.npmjs.org/@scure/bip39/-/bip39-1.3.0.tgz 996ms (cache miss)
423 http fetch GET 200 https://registry.npmjs.org/@nomicfoundation/hardhat-errors/-/hardhat-errors-3.0.0.tgz 1078ms (cache miss)
424 http fetch GET 200 https://registry.npmjs.org/@streamparser/json-node/-/json-node-0.0.22.tgz 1127ms (cache miss)
425 http fetch GET 200 https://registry.npmjs.org/ts-node/-/ts-node-10.9.2.tgz 1151ms (cache miss)
426 http fetch GET 200 https://registry.npmjs.org/@jridgewell/resolve-uri/-/resolve-uri-3.1.2.tgz 1168ms (cache miss)
427 http fetch GET 200 https://registry.npmjs.org/@jridgewell/trace-mapping/-/trace-mapping-0.3.9.tgz 1185ms (cache miss)
428 http fetch GET 200 https://registry.npmjs.org/@types/node/-/node-20.19.11.tgz 1227ms (cache miss)
429 http fetch GET 200 https://registry.npmjs.org/@ethersproject/transactions/-/transactions-5.8.0.tgz 1248ms (cache miss)
430 http fetch GET 200 https://registry.npmjs.org/@nomicfoundation/hardhat-zod-utils/-/hardhat-zod-utils-3.0.0.tgz 1255ms (cache miss)
431 http fetch GET 200 https://registry.npmjs.org/aes-js/-/aes-js-4.0.0-beta.5.tgz 1318ms (cache miss)
432 http fetch GET 200 https://registry.npmjs.org/@jridgewell/sourcemap-codec/-/sourcemap-codec-1.5.5.tgz 1310ms (cache miss)
433 http fetch GET 200 https://registry.npmjs.org/@ethersproject/networks/-/networks-5.8.0.tgz 1388ms (cache miss)
434 http fetch GET 200 https://registry.npmjs.org/@ethersproject/keccak256/-/keccak256-5.8.0.tgz 1475ms (cache miss)
435 http fetch GET 200 https://registry.npmjs.org/@ethersproject/properties/-/properties-5.8.0.tgz 1477ms (cache miss)
436 http fetch GET 200 https://registry.npmjs.org/@ethersproject/logger/-/logger-5.8.0.tgz 1479ms (cache miss)
437 http fetch GET 200 https://registry.npmjs.org/@nomicfoundation/edr/-/edr-0.12.0-next.5.tgz 1574ms (cache miss)
438 http fetch GET 200 https://registry.npmjs.org/@nomicfoundation/hardhat-ethers/-/hardhat-ethers-4.0.0.tgz 1578ms (cache miss)
439 http fetch GET 200 https://registry.npmjs.org/@ethersproject/signing-key/-/signing-key-5.8.0.tgz 1573ms (cache miss)
440 http fetch GET 200 https://registry.npmjs.org/@ethersproject/bytes/-/bytes-5.8.0.tgz 1576ms (cache miss)
441 http fetch GET 200 https://registry.npmjs.org/@ethersproject/base64/-/base64-5.8.0.tgz 1581ms (cache miss)
442 http fetch GET 200 https://registry.npmjs.org/@streamparser/json/-/json-0.0.22.tgz 1598ms (cache miss)
443 http fetch GET 200 https://registry.npmjs.org/@ethersproject/rlp/-/rlp-5.8.0.tgz 1608ms (cache miss)
444 http fetch GET 200 https://registry.npmjs.org/@ethersproject/strings/-/strings-5.8.0.tgz 1643ms (cache miss)
445 http fetch GET 200 https://registry.npmjs.org/@ethersproject/abstract-provider/-/abstract-provider-5.8.0.tgz 1642ms (cache miss)
446 http fetch GET 200 https://registry.npmjs.org/@ethersproject/web/-/web-5.8.0.tgz 1675ms (cache miss)
447 http fetch GET 200 https://registry.npmjs.org/@ethersproject/abstract-signer/-/abstract-signer-5.8.0.tgz 1702ms (cache miss)
448 http fetch GET 200 https://registry.npmjs.org/@scure/base/-/base-1.2.6.tgz 1748ms (cache miss)
449 http fetch GET 200 https://registry.npmjs.org/@ethersproject/address/-/address-5.8.0.tgz 1753ms (cache miss)
450 http fetch GET 200 https://registry.npmjs.org/@nomicfoundation/ignition-ui/-/ignition-ui-3.0.1.tgz 1782ms (cache miss)
451 http fetch GET 200 https://registry.npmjs.org/@adraffy/ens-normalize/-/ens-normalize-1.10.1.tgz 1818ms (cache miss)
452 http fetch GET 200 https://registry.npmjs.org/tslib/-/tslib-2.7.0.tgz 1838ms (cache miss)
453 http fetch GET 200 https://registry.npmjs.org/ws/-/ws-8.17.1.tgz 1858ms (cache miss)
454 http fetch GET 200 https://registry.npmjs.org/@ethersproject/constants/-/constants-5.8.0.tgz 1867ms (cache miss)
455 http fetch GET 200 https://registry.npmjs.org/@ethersproject/bignumber/-/bignumber-5.8.0.tgz 1868ms (cache miss)
456 http fetch GET 200 https://registry.npmjs.org/@cspotcode/source-map-support/-/source-map-support-0.8.1.tgz 1876ms (cache miss)
457 http fetch GET 200 https://registry.npmjs.org/diff/-/diff-4.0.2.tgz 1879ms (cache miss)
458 http fetch GET 200 https://registry.npmjs.org/@nomicfoundation/hardhat-ignition/-/hardhat-ignition-3.0.1.tgz 1905ms (cache miss)
459 http fetch GET 200 https://registry.npmjs.org/@noble/hashes/-/hashes-1.4.0.tgz 1969ms (cache miss)
460 http fetch GET 200 https://registry.npmjs.org/@ethersproject/hash/-/hash-5.8.0.tgz 1980ms (cache miss)
461 http fetch GET 200 https://registry.npmjs.org/undici-types/-/undici-types-6.19.8.tgz 1979ms (cache miss)
462 http fetch GET 200 https://registry.npmjs.org/@nomicfoundation/hardhat-utils/-/hardhat-utils-3.0.0.tgz 1993ms (cache miss)
463 http fetch GET 200 https://registry.npmjs.org/@ethersproject/address/-/address-5.6.1.tgz 2137ms (cache miss)
464 http fetch GET 200 https://registry.npmjs.org/micro-eth-signer/-/micro-eth-signer-0.14.0.tgz 2174ms (cache miss)
465 http fetch GET 200 https://registry.npmjs.org/bn.js/-/bn.js-4.12.2.tgz 2160ms (cache miss)
466 http fetch GET 200 https://registry.npmjs.org/bn.js 1954ms (cache miss)
467 silly packumentCache corgi:https://registry.npmjs.org/bn.js set size:undefined disposed:false
468 http fetch GET 200 https://registry.npmjs.org/elliptic 1981ms (cache miss)
469 silly packumentCache corgi:https://registry.npmjs.org/elliptic set size:undefined disposed:false
470 http fetch GET 200 https://registry.npmjs.org/@nomicfoundation/hardhat-verify/-/hardhat-verify-3.0.0.tgz 2288ms (cache miss)
471 http fetch GET 200 https://registry.npmjs.org/undici 2008ms (cache miss)
472 silly packumentCache corgi:https://registry.npmjs.org/undici set size:undefined disposed:false
473 http fetch GET 200 https://registry.npmjs.org/lodash-es 2026ms (cache miss)
474 silly packumentCache corgi:https://registry.npmjs.org/lodash-es set size:undefined disposed:false
475 http fetch GET 200 https://registry.npmjs.org/diff 2047ms (cache miss)
476 silly packumentCache corgi:https://registry.npmjs.org/diff set size:undefined disposed:false
477 http fetch GET 200 https://registry.npmjs.org/@types/node/-/node-22.7.5.tgz 2344ms (cache miss)
478 silly packumentCache corgi:https://registry.npmjs.org/@nomicfoundation%2fhardhat-utils cache-miss
479 http fetch GET 200 https://registry.npmjs.org/@ethersproject/abi/-/abi-5.8.0.tgz 2445ms (cache miss)
480 http fetch GET 200 https://registry.npmjs.org/@noble/curves/-/curves-1.8.2.tgz 2464ms (cache miss)
481 http fetch GET 200 https://registry.npmjs.org/@noble/hashes/-/hashes-1.3.2.tgz 2684ms (cache miss)
482 http fetch GET 200 https://registry.npmjs.org/@noble/curves/-/curves-1.2.0.tgz 2713ms (cache miss)
483 http fetch GET 200 https://registry.npmjs.org/@esbuild/win32-x64/-/win32-x64-0.25.9.tgz 2731ms (cache miss)
484 http fetch GET 200 https://registry.npmjs.org/@nomicfoundation%2fhardhat-utils 458ms (cache miss)
485 silly packumentCache corgi:https://registry.npmjs.org/@nomicfoundation%2fhardhat-utils set size:undefined disposed:false
486 silly packumentCache corgi:https://registry.npmjs.org/@ethersproject%2fbignumber cache-miss
487 silly packumentCache corgi:https://registry.npmjs.org/@ethersproject%2fsigning-key cache-miss
488 http fetch GET 200 https://registry.npmjs.org/@noble/curves/-/curves-1.4.2.tgz 2885ms (cache miss)
489 http fetch GET 200 https://registry.npmjs.org/@noble/hashes/-/hashes-1.7.2.tgz 2907ms (cache miss)
490 http fetch GET 200 https://registry.npmjs.org/@noble/curves/-/curves-1.4.2.tgz 2939ms (cache miss)
491 http fetch GET 200 https://registry.npmjs.org/@ethersproject%2fbignumber 113ms (cache miss)
492 silly packumentCache corgi:https://registry.npmjs.org/@ethersproject%2fbignumber set size:undefined disposed:false
493 http fetch GET 200 https://registry.npmjs.org/typescript/-/typescript-5.9.2.tgz 2989ms (cache miss)
494 http fetch GET 200 https://registry.npmjs.org/undici/-/undici-6.21.3.tgz 2961ms (cache miss)
495 http fetch GET 200 https://registry.npmjs.org/@ethersproject%2fsigning-key 154ms (cache miss)
496 silly packumentCache corgi:https://registry.npmjs.org/@ethersproject%2fsigning-key set size:undefined disposed:false
497 silly packumentCache corgi:https://registry.npmjs.org/@nomicfoundation%2fignition-core cache-miss
498 http fetch GET 200 https://registry.npmjs.org/@noble/hashes/-/hashes-1.7.2.tgz 3142ms (cache miss)
499 http fetch GET 200 https://registry.npmjs.org/@nomicfoundation%2fignition-core 141ms (cache miss)
500 silly packumentCache corgi:https://registry.npmjs.org/@nomicfoundation%2fignition-core set size:undefined disposed:false
501 silly packumentCache corgi:https://registry.npmjs.org/ts-node cache-miss
502 http fetch GET 200 https://registry.npmjs.org/lodash-es/-/lodash-es-4.17.21.tgz 3383ms (cache miss)
503 http fetch GET 200 https://registry.npmjs.org/ts-node 127ms (cache miss)
504 silly packumentCache corgi:https://registry.npmjs.org/ts-node set size:undefined disposed:false
505 silly packumentCache corgi:https://registry.npmjs.org/@ethersproject%2ftransactions cache-miss
506 http fetch GET 200 https://registry.npmjs.org/zod/-/zod-3.25.76.tgz 3483ms (cache miss)
507 http fetch GET 200 https://registry.npmjs.org/@nomicfoundation/ignition-core/-/ignition-core-3.0.1.tgz 3531ms (cache miss)
508 http fetch GET 200 https://registry.npmjs.org/@ethersproject%2ftransactions 149ms (cache miss)
509 silly packumentCache corgi:https://registry.npmjs.org/@ethersproject%2ftransactions set size:undefined disposed:false
510 silly packumentCache corgi:https://registry.npmjs.org/@nomicfoundation%2fhardhat-ignition cache-miss
511 http fetch GET 200 https://registry.npmjs.org/@nomicfoundation%2fhardhat-ignition 182ms (cache miss)
512 silly packumentCache corgi:https://registry.npmjs.org/@nomicfoundation%2fhardhat-ignition set size:undefined disposed:false
513 silly packumentCache corgi:https://registry.npmjs.org/@ethersproject%2fabstract-provider cache-miss
514 http fetch GET 200 https://registry.npmjs.org/@ethersproject%2fabstract-provider 129ms (cache miss)
515 silly packumentCache corgi:https://registry.npmjs.org/@ethersproject%2fabstract-provider set size:undefined disposed:false
516 silly packumentCache corgi:https://registry.npmjs.org/@ethersproject%2fabstract-signer cache-miss
517 http fetch GET 200 https://registry.npmjs.org/@ethersproject%2fabstract-signer 138ms (cache miss)
518 silly packumentCache corgi:https://registry.npmjs.org/@ethersproject%2fabstract-signer set size:undefined disposed:false
519 silly packumentCache corgi:https://registry.npmjs.org/@ethersproject%2fhash cache-miss
520 http fetch GET 200 https://registry.npmjs.org/@ethersproject%2fhash 88ms (cache miss)
521 silly packumentCache corgi:https://registry.npmjs.org/@ethersproject%2fhash set size:undefined disposed:false
522 silly packumentCache corgi:https://registry.npmjs.org/@ethersproject%2fabi cache-miss
523 http fetch GET 200 https://registry.npmjs.org/@nomicfoundation/edr-linux-x64-musl/-/edr-linux-x64-musl-0.12.0-next.5.tgz 4412ms (cache miss)
524 http fetch GET 200 https://registry.npmjs.org/@sentry/core/-/core-9.46.0.tgz 4422ms (cache miss)
525 http fetch GET 200 https://registry.npmjs.org/@ethersproject%2fabi 301ms (cache miss)
526 silly packumentCache corgi:https://registry.npmjs.org/@ethersproject%2fabi set size:undefined disposed:false
527 silly packumentCache corgi:https://registry.npmjs.org/@nomicfoundation%2fhardhat-verify cache-miss
528 http fetch GET 200 https://registry.npmjs.org/hardhat/-/hardhat-3.0.3.tgz 4499ms (cache miss)
529 http fetch GET 200 https://registry.npmjs.org/@nomicfoundation%2fhardhat-verify 117ms (cache miss)
530 silly packumentCache corgi:https://registry.npmjs.org/@nomicfoundation%2fhardhat-verify set size:undefined disposed:false
531 http fetch GET 200 https://registry.npmjs.org/ethers/-/ethers-6.15.0.tgz 4627ms (cache miss)
532 http fetch GET 200 https://registry.npmjs.org/@nomicfoundation/edr-linux-x64-gnu/-/edr-linux-x64-gnu-0.12.0-next.5.tgz 4870ms (cache miss)
533 http fetch GET 200 https://registry.npmjs.org/@nomicfoundation/edr-darwin-arm64/-/edr-darwin-arm64-0.12.0-next.5.tgz 4940ms (cache miss)
534 http fetch GET 200 https://registry.npmjs.org/@nomicfoundation/edr-win32-x64-msvc/-/edr-win32-x64-msvc-0.12.0-next.5.tgz 5032ms (cache miss)
535 http fetch GET 200 https://registry.npmjs.org/@nomicfoundation/edr-darwin-x64/-/edr-darwin-x64-0.12.0-next.5.tgz 5040ms (cache miss)
536 http fetch GET 200 https://registry.npmjs.org/@nomicfoundation/edr-linux-arm64-gnu/-/edr-linux-arm64-gnu-0.12.0-next.5.tgz 5150ms (cache miss)
537 http fetch GET 200 https://registry.npmjs.org/@nomicfoundation/edr-linux-arm64-musl/-/edr-linux-arm64-musl-0.12.0-next.5.tgz 5395ms (cache miss)
538 info run esbuild@0.25.9 postinstall node_modules/esbuild node install.js
539 info run esbuild@0.25.9 postinstall { code: 0, signal: null }
540 silly ADD node_modules/zod
541 silly ADD node_modules/yn
542 silly ADD node_modules/ws
543 silly ADD node_modules/v8-compile-cache-lib
544 silly ADD node_modules/util-deprecate
545 silly ADD node_modules/undici-types
546 silly ADD node_modules/typescript
547 silly ADD node_modules/tsx
548 silly ADD node_modules/ts-node
549 silly ADD node_modules/ts-node/node_modules/diff
550 silly ADD node_modules/through2
551 silly ADD node_modules/strip-ansi
552 silly ADD node_modules/string_decoder
553 silly ADD node_modules/split2
554 silly ADD node_modules/sisteransi
555 silly ADD node_modules/semver
556 silly ADD node_modules/safe-buffer
557 silly ADD node_modules/rfdc
558 silly ADD node_modules/resolve.exports
559 silly ADD node_modules/resolve-pkg-maps
560 silly ADD node_modules/readable-stream
561 silly ADD node_modules/prompts
562 silly ADD node_modules/p-map
563 silly ADD node_modules/ndjson
564 silly ADD node_modules/ms
565 silly ADD node_modules/minimist
566 silly ADD node_modules/minimalistic-crypto-utils
567 silly ADD node_modules/minimalistic-assert
568 silly ADD node_modules/micro-packed
569 silly ADD node_modules/micro-packed/node_modules/@scure/base
570 silly ADD node_modules/micro-eth-signer
571 silly ADD node_modules/micro-eth-signer/node_modules/@noble/hashes
572 silly ADD node_modules/make-error
573 silly ADD node_modules/lodash-es
574 silly ADD node_modules/kleur
575 silly ADD node_modules/json5
576 silly ADD node_modules/json-stringify-safe
577 silly ADD node_modules/json-stream-stringify
578 silly ADD node_modules/js-sha3
579 silly ADD node_modules/inherits
580 silly ADD node_modules/immer
581 silly ADD node_modules/hmac-drbg
582 silly ADD node_modules/hash.js
583 silly ADD node_modules/hardhat
584 silly ADD node_modules/get-tsconfig
585 silly ADD
586 silly ADD node_modules/fast-equals
587 silly ADD node_modules/ethers
588 silly ADD node_modules/ethers/node_modules/ws
589 silly ADD node_modules/ethers/node_modules/undici-types
590 silly ADD node_modules/ethers/node_modules/tslib
591 silly ADD node_modules/ethers/node_modules/@types/node
592 silly ADD node_modules/ethers/node_modules/@noble/hashes
593 silly ADD node_modules/ethers/node_modules/@noble/curves
594 silly ADD node_modules/ethereum-cryptography
595 silly ADD node_modules/ethereum-cryptography/node_modules/@noble/curves
596 silly ADD node_modules/esbuild
597 silly ADD node_modules/env-paths
598 silly ADD node_modules/enquirer
599 silly ADD node_modules/elliptic
600 silly ADD node_modules/elliptic/node_modules/bn.js
601 silly ADD node_modules/dotenv
602 silly ADD node_modules/debug
603 silly ADD node_modules/create-require
604 silly ADD node_modules/chalk
605 silly ADD node_modules/cbor2
606 silly ADD node_modules/brorand
607 silly ADD node_modules/bn.js
608 silly ADD node_modules/arg
609 silly ADD node_modules/ansi-regex
610 silly ADD node_modules/ansi-colors
611 silly ADD node_modules/aes-js
612 silly ADD node_modules/adm-zip
613 silly ADD node_modules/acorn-walk
614 silly ADD node_modules/acorn
615 silly ADD node_modules/@types/node
616 silly ADD node_modules/@tsconfig/node16
617 silly ADD node_modules/@tsconfig/node14
618 silly ADD node_modules/@tsconfig/node12
619 silly ADD node_modules/@tsconfig/node10
620 silly ADD node_modules/@streamparser/json-node
621 silly ADD node_modules/@streamparser/json
622 silly ADD node_modules/@sentry/core
623 silly ADD node_modules/@scure/bip39
624 silly ADD node_modules/@scure/bip32
625 silly ADD node_modules/@scure/bip32/node_modules/@noble/curves
626 silly ADD node_modules/@scure/base
627 silly ADD node_modules/@nomicfoundation/solidity-analyzer-win32-x64-msvc
628 silly ADD node_modules/@nomicfoundation/solidity-analyzer-linux-x64-musl
629 silly ADD node_modules/@nomicfoundation/solidity-analyzer-linux-x64-gnu
630 silly ADD node_modules/@nomicfoundation/solidity-analyzer-linux-arm64-musl
631 silly ADD node_modules/@nomicfoundation/solidity-analyzer-linux-arm64-gnu
632 silly ADD node_modules/@nomicfoundation/solidity-analyzer-darwin-x64
633 silly ADD node_modules/@nomicfoundation/solidity-analyzer-darwin-arm64
634 silly ADD node_modules/@nomicfoundation/solidity-analyzer
635 silly ADD node_modules/@nomicfoundation/ignition-ui
636 silly ADD node_modules/@nomicfoundation/ignition-core
637 silly ADD node_modules/@nomicfoundation/ignition-core/node_modules/@ethersproject/address
638 silly ADD node_modules/@nomicfoundation/hardhat-zod-utils
639 silly ADD node_modules/@nomicfoundation/hardhat-verify
640 silly ADD node_modules/@nomicfoundation/hardhat-utils
641 silly ADD node_modules/@nomicfoundation/hardhat-utils/node_modules/undici
642 silly ADD node_modules/@nomicfoundation/hardhat-ignition
643 silly ADD node_modules/@nomicfoundation/hardhat-ethers
644 silly ADD node_modules/@nomicfoundation/hardhat-errors
645 silly ADD node_modules/@nomicfoundation/edr-win32-x64-msvc
646 silly ADD node_modules/@nomicfoundation/edr-linux-x64-musl
647 silly ADD node_modules/@nomicfoundation/edr-linux-x64-gnu
648 silly ADD node_modules/@nomicfoundation/edr-linux-arm64-musl
649 silly ADD node_modules/@nomicfoundation/edr-linux-arm64-gnu
650 silly ADD node_modules/@nomicfoundation/edr-darwin-x64
651 silly ADD node_modules/@nomicfoundation/edr-darwin-arm64
652 silly ADD node_modules/@nomicfoundation/edr
653 silly ADD node_modules/@noble/hashes
654 silly ADD node_modules/@noble/curves
655 silly ADD node_modules/@noble/curves/node_modules/@noble/hashes
656 silly ADD node_modules/@jridgewell/trace-mapping
657 silly ADD node_modules/@jridgewell/sourcemap-codec
658 silly ADD node_modules/@jridgewell/resolve-uri
659 silly ADD node_modules/@ethersproject/web
660 silly ADD node_modules/@ethersproject/transactions
661 silly ADD node_modules/@ethersproject/strings
662 silly ADD node_modules/@ethersproject/signing-key
663 silly ADD node_modules/@ethersproject/rlp
664 silly ADD node_modules/@ethersproject/properties
665 silly ADD node_modules/@ethersproject/networks
666 silly ADD node_modules/@ethersproject/logger
667 silly ADD node_modules/@ethersproject/keccak256
668 silly ADD node_modules/@ethersproject/hash
669 silly ADD node_modules/@ethersproject/constants
670 silly ADD node_modules/@ethersproject/bytes
671 silly ADD node_modules/@ethersproject/bignumber
672 silly ADD node_modules/@ethersproject/base64
673 silly ADD node_modules/@ethersproject/address
674 silly ADD node_modules/@ethersproject/abstract-signer
675 silly ADD node_modules/@ethersproject/abstract-provider
676 silly ADD node_modules/@ethersproject/abi
677 silly ADD node_modules/@esbuild/win32-x64
678 silly ADD
679 silly ADD
680 silly ADD
681 silly ADD
682 silly ADD
683 silly ADD
684 silly ADD
685 silly ADD
686 silly ADD
687 silly ADD
688 silly ADD
689 silly ADD
690 silly ADD
691 silly ADD
692 silly ADD
693 silly ADD
694 silly ADD
695 silly ADD
696 silly ADD
697 silly ADD
698 silly ADD
699 silly ADD
700 silly ADD
701 silly ADD
702 silly ADD
703 silly ADD node_modules/@cspotcode/source-map-support
704 silly ADD node_modules/@adraffy/ens-normalize
705 verbose cwd C:\Users\soham\OneDrive\Desktop\Decentralized-Credentials\cd_var
706 verbose os Windows_NT 10.0.26200
707 verbose node v22.20.0
708 verbose npm  v10.9.3
709 verbose exit 0
710 info ok
