0 verbose cli C:\Program Files\nodejs\node.exe C:\Program Files\nodejs\node_modules\npm\bin\npm-cli.js
1 info using npm@10.9.3
2 info using node@v22.20.0
3 silly config load:file:C:\Program Files\nodejs\node_modules\npm\npmrc
4 silly config load:file:C:\Users\soham\OneDrive\Desktop\Decentralized-Credentials\services\api\.npmrc
5 silly config load:file:C:\Users\soham\.npmrc
6 silly config load:file:C:\Users\soham\AppData\Roaming\npm\etc\npmrc
7 verbose title npm install
8 verbose argv "install" "--cache" ".npm-cache"
9 verbose logfile logs-max:10 dir:C:\Users\soham\OneDrive\Desktop\Decentralized-Credentials\services\api\.npm-cache\_logs\2026-03-10T14_55_12_226Z-
10 verbose logfile C:\Users\soham\OneDrive\Desktop\Decentralized-Credentials\services\api\.npm-cache\_logs\2026-03-10T14_55_12_226Z-debug-0.log
11 silly logfile done cleaning log files
12 silly packumentCache heap:4345298944 maxSize:1086324736 maxEntrySize:543162368
13 silly idealTree buildDeps
14 silly fetch manifest cors@^2.8.5
15 silly packumentCache full:https://registry.npmjs.org/cors cache-miss
16 http fetch GET 200 https://registry.npmjs.org/npm 134ms
17 http fetch GET 200 https://registry.npmjs.org/cors 208ms (cache miss)
18 silly packumentCache full:https://registry.npmjs.org/cors set size:undefined disposed:false
19 silly fetch manifest express@^4.21.2
20 silly packumentCache full:https://registry.npmjs.org/express cache-miss
21 http fetch GET 200 https://registry.npmjs.org/express 64ms (cache miss)
22 silly packumentCache full:https://registry.npmjs.org/express set size:undefined disposed:false
23 silly placeDep ROOT cors@2.8.6 OK for: credential-api@0.0.1 want: ^2.8.5
24 silly placeDep ROOT express@4.22.1 OK for: credential-api@0.0.1 want: ^4.21.2
25 silly fetch manifest object-assign@^4
26 silly packumentCache full:https://registry.npmjs.org/object-assign cache-miss
27 silly fetch manifest vary@^1
28 silly packumentCache full:https://registry.npmjs.org/vary cache-miss
29 silly fetch manifest qs@~6.14.0
30 silly packumentCache full:https://registry.npmjs.org/qs cache-miss
31 silly fetch manifest depd@2.0.0
32 silly packumentCache full:https://registry.npmjs.org/depd cache-miss
33 silly fetch manifest etag@~1.8.1
34 silly packumentCache full:https://registry.npmjs.org/etag cache-miss
35 silly fetch manifest send@~0.19.0
36 silly packumentCache full:https://registry.npmjs.org/send cache-miss
37 silly fetch manifest vary@~1.1.2
38 silly packumentCache full:https://registry.npmjs.org/vary cache-miss
39 silly fetch manifest debug@2.6.9
40 silly packumentCache full:https://registry.npmjs.org/debug cache-miss
41 silly fetch manifest fresh@~0.5.2
42 silly packumentCache full:https://registry.npmjs.org/fresh cache-miss
43 silly fetch manifest cookie@~0.7.1
44 silly packumentCache full:https://registry.npmjs.org/cookie cache-miss
45 silly fetch manifest accepts@~1.3.8
46 silly packumentCache full:https://registry.npmjs.org/accepts cache-miss
47 silly fetch manifest methods@~1.1.2
48 silly packumentCache full:https://registry.npmjs.org/methods cache-miss
49 silly fetch manifest type-is@~1.6.18
50 silly packumentCache full:https://registry.npmjs.org/type-is cache-miss
51 silly fetch manifest parseurl@~1.3.3
52 silly packumentCache full:https://registry.npmjs.org/parseurl cache-miss
53 silly fetch manifest statuses@~2.0.1
54 silly packumentCache full:https://registry.npmjs.org/statuses cache-miss
55 silly fetch manifest encodeurl@~2.0.0
56 silly packumentCache full:https://registry.npmjs.org/encodeurl cache-miss
57 silly fetch manifest proxy-addr@~2.0.7
58 silly packumentCache full:https://registry.npmjs.org/proxy-addr cache-miss
59 silly fetch manifest body-parser@~1.20.3
60 silly packumentCache full:https://registry.npmjs.org/body-parser cache-miss
61 silly fetch manifest escape-html@~1.0.3
62 silly packumentCache full:https://registry.npmjs.org/escape-html cache-miss
63 silly fetch manifest http-errors@~2.0.0
64 silly packumentCache full:https://registry.npmjs.org/http-errors cache-miss
65 silly fetch manifest on-finished@~2.4.1
66 silly packumentCache full:https://registry.npmjs.org/on-finished cache-miss
67 silly fetch manifest safe-buffer@5.2.1
68 silly packumentCache full:https://registry.npmjs.org/safe-buffer cache-miss
69 silly fetch manifest utils-merge@1.0.1
70 silly packumentCache full:https://registry.npmjs.org/utils-merge cache-miss
71 http fetch GET 200 https://registry.npmjs.org/vary 48ms (cache miss)
72 silly packumentCache full:https://registry.npmjs.org/vary set size:undefined disposed:false
73 silly fetch manifest content-type@~1.0.4
74 silly packumentCache full:https://registry.npmjs.org/content-type cache-miss
75 http fetch GET 200 https://registry.npmjs.org/encodeurl 65ms (cache miss)
76 silly packumentCache full:https://registry.npmjs.org/encodeurl set size:undefined disposed:false
77 silly fetch manifest finalhandler@~1.3.1
78 silly packumentCache full:https://registry.npmjs.org/finalhandler cache-miss
79 http fetch GET 200 https://registry.npmjs.org/methods 92ms (cache miss)
80 silly packumentCache full:https://registry.npmjs.org/methods set size:undefined disposed:false
81 silly fetch manifest range-parser@~1.2.1
82 silly packumentCache full:https://registry.npmjs.org/range-parser cache-miss
83 http fetch GET 200 https://registry.npmjs.org/type-is 93ms (cache miss)
84 silly packumentCache full:https://registry.npmjs.org/type-is set size:undefined disposed:false
85 silly fetch manifest serve-static@~1.16.2
86 silly packumentCache full:https://registry.npmjs.org/serve-static cache-miss
87 http fetch GET 200 https://registry.npmjs.org/fresh 105ms (cache miss)
88 silly packumentCache full:https://registry.npmjs.org/fresh set size:undefined disposed:false
89 silly fetch manifest array-flatten@1.1.1
90 silly packumentCache full:https://registry.npmjs.org/array-flatten cache-miss
91 http fetch GET 200 https://registry.npmjs.org/debug 114ms (cache miss)
92 silly packumentCache full:https://registry.npmjs.org/debug set size:undefined disposed:false
93 silly fetch manifest path-to-regexp@~0.1.12
94 silly packumentCache full:https://registry.npmjs.org/path-to-regexp cache-miss
95 http fetch GET 200 https://registry.npmjs.org/proxy-addr 116ms (cache miss)
96 silly packumentCache full:https://registry.npmjs.org/proxy-addr set size:undefined disposed:false
97 silly fetch manifest setprototypeof@1.2.0
98 silly packumentCache full:https://registry.npmjs.org/setprototypeof cache-miss
99 http fetch GET 200 https://registry.npmjs.org/etag 122ms (cache miss)
100 silly packumentCache full:https://registry.npmjs.org/etag set size:undefined disposed:false
101 silly fetch manifest cookie-signature@~1.0.6
102 silly packumentCache full:https://registry.npmjs.org/cookie-signature cache-miss
103 http fetch GET 200 https://registry.npmjs.org/parseurl 126ms (cache miss)
104 silly packumentCache full:https://registry.npmjs.org/parseurl set size:undefined disposed:false
105 silly fetch manifest merge-descriptors@1.0.3
106 silly packumentCache full:https://registry.npmjs.org/merge-descriptors cache-miss
107 http fetch GET 200 https://registry.npmjs.org/accepts 128ms (cache miss)
108 silly packumentCache full:https://registry.npmjs.org/accepts set size:undefined disposed:false
109 silly fetch manifest content-disposition@~0.5.4
110 silly packumentCache full:https://registry.npmjs.org/content-disposition cache-miss
111 http fetch GET 200 https://registry.npmjs.org/cookie 130ms (cache miss)
112 silly packumentCache full:https://registry.npmjs.org/cookie set size:undefined disposed:false
113 http fetch GET 200 https://registry.npmjs.org/escape-html 130ms (cache miss)
114 silly packumentCache full:https://registry.npmjs.org/escape-html set size:undefined disposed:false
115 http fetch GET 200 https://registry.npmjs.org/statuses 131ms (cache miss)
116 silly packumentCache full:https://registry.npmjs.org/statuses set size:undefined disposed:false
117 http fetch GET 200 https://registry.npmjs.org/send 133ms (cache miss)
118 silly packumentCache full:https://registry.npmjs.org/send set size:undefined disposed:false
119 http fetch GET 200 https://registry.npmjs.org/body-parser 138ms (cache miss)
120 silly packumentCache full:https://registry.npmjs.org/body-parser set size:undefined disposed:false
121 http fetch GET 200 https://registry.npmjs.org/http-errors 143ms (cache miss)
122 silly packumentCache full:https://registry.npmjs.org/http-errors set size:undefined disposed:false
123 http fetch GET 200 https://registry.npmjs.org/safe-buffer 146ms (cache miss)
124 silly packumentCache full:https://registry.npmjs.org/safe-buffer set size:undefined disposed:false
125 http fetch GET 200 https://registry.npmjs.org/vary 149ms (cache miss)
126 silly packumentCache full:https://registry.npmjs.org/vary set size:undefined disposed:false
127 http fetch GET 200 https://registry.npmjs.org/array-flatten 44ms (cache miss)
128 silly packumentCache full:https://registry.npmjs.org/array-flatten set size:undefined disposed:false
129 http fetch GET 200 https://registry.npmjs.org/utils-merge 155ms (cache miss)
130 silly packumentCache full:https://registry.npmjs.org/utils-merge set size:undefined disposed:false
131 http fetch GET 200 https://registry.npmjs.org/qs 173ms (cache miss)
132 silly packumentCache full:https://registry.npmjs.org/qs set size:undefined disposed:false
133 http fetch GET 200 https://registry.npmjs.org/merge-descriptors 50ms (cache miss)
134 silly packumentCache full:https://registry.npmjs.org/merge-descriptors set size:undefined disposed:false
135 http fetch GET 200 https://registry.npmjs.org/content-type 131ms (cache miss)
136 silly packumentCache full:https://registry.npmjs.org/content-type set size:undefined disposed:false
137 http fetch GET 200 https://registry.npmjs.org/on-finished 178ms (cache miss)
138 silly packumentCache full:https://registry.npmjs.org/on-finished set size:undefined disposed:false
139 http fetch GET 200 https://registry.npmjs.org/serve-static 85ms (cache miss)
140 silly packumentCache full:https://registry.npmjs.org/serve-static set size:undefined disposed:false
141 http fetch GET 200 https://registry.npmjs.org/finalhandler 117ms (cache miss)
142 silly packumentCache full:https://registry.npmjs.org/finalhandler set size:undefined disposed:false
143 http fetch GET 200 https://registry.npmjs.org/setprototypeof 67ms (cache miss)
144 silly packumentCache full:https://registry.npmjs.org/setprototypeof set size:undefined disposed:false
145 http fetch GET 200 https://registry.npmjs.org/cookie-signature 63ms (cache miss)
146 silly packumentCache full:https://registry.npmjs.org/cookie-signature set size:undefined disposed:false
147 http fetch GET 200 https://registry.npmjs.org/content-disposition 61ms (cache miss)
148 silly packumentCache full:https://registry.npmjs.org/content-disposition set size:undefined disposed:false
149 http fetch GET 200 https://registry.npmjs.org/range-parser 97ms (cache miss)
150 silly packumentCache full:https://registry.npmjs.org/range-parser set size:undefined disposed:false
151 http fetch GET 200 https://registry.npmjs.org/path-to-regexp 100ms (cache miss)
152 silly packumentCache full:https://registry.npmjs.org/path-to-regexp set size:undefined disposed:false
153 http fetch GET 200 https://registry.npmjs.org/object-assign 425ms (cache miss)
154 silly packumentCache full:https://registry.npmjs.org/object-assign set size:undefined disposed:false
155 http fetch GET 200 https://registry.npmjs.org/depd 498ms (cache miss)
156 silly packumentCache full:https://registry.npmjs.org/depd set size:undefined disposed:false
157 silly placeDep ROOT object-assign@4.1.1 OK for: cors@2.8.6 want: ^4
158 silly placeDep ROOT vary@1.1.2 OK for: cors@2.8.6 want: ^1
159 silly placeDep ROOT accepts@1.3.8 OK for: express@4.22.1 want: ~1.3.8
160 silly placeDep ROOT array-flatten@1.1.1 OK for: express@4.22.1 want: 1.1.1
161 silly placeDep ROOT body-parser@1.20.4 OK for: express@4.22.1 want: ~1.20.3
162 silly placeDep ROOT content-disposition@0.5.4 OK for: express@4.22.1 want: ~0.5.4
163 silly placeDep ROOT content-type@1.0.5 OK for: express@4.22.1 want: ~1.0.4
164 silly placeDep ROOT cookie@0.7.2 OK for: express@4.22.1 want: ~0.7.1
165 silly placeDep ROOT cookie-signature@1.0.7 OK for: express@4.22.1 want: ~1.0.6
166 silly placeDep ROOT debug@2.6.9 OK for: express@4.22.1 want: 2.6.9
167 silly placeDep ROOT depd@2.0.0 OK for: express@4.22.1 want: 2.0.0
168 silly placeDep ROOT encodeurl@2.0.0 OK for: express@4.22.1 want: ~2.0.0
169 silly placeDep ROOT escape-html@1.0.3 OK for: express@4.22.1 want: ~1.0.3
170 silly placeDep ROOT etag@1.8.1 OK for: express@4.22.1 want: ~1.8.1
171 silly placeDep ROOT finalhandler@1.3.2 OK for: express@4.22.1 want: ~1.3.1
172 silly placeDep ROOT fresh@0.5.2 OK for: express@4.22.1 want: ~0.5.2
173 silly placeDep ROOT http-errors@2.0.1 OK for: express@4.22.1 want: ~2.0.0
174 silly placeDep ROOT merge-descriptors@1.0.3 OK for: express@4.22.1 want: 1.0.3
175 silly placeDep ROOT methods@1.1.2 OK for: express@4.22.1 want: ~1.1.2
176 silly placeDep ROOT on-finished@2.4.1 OK for: express@4.22.1 want: ~2.4.1
177 silly placeDep ROOT parseurl@1.3.3 OK for: express@4.22.1 want: ~1.3.3
178 silly placeDep ROOT path-to-regexp@0.1.12 OK for: express@4.22.1 want: ~0.1.12
179 silly placeDep ROOT proxy-addr@2.0.7 OK for: express@4.22.1 want: ~2.0.7
180 silly placeDep ROOT qs@6.14.2 OK for: express@4.22.1 want: ~6.14.0
181 silly placeDep ROOT range-parser@1.2.1 OK for: express@4.22.1 want: ~1.2.1
182 silly placeDep ROOT safe-buffer@5.2.1 OK for: express@4.22.1 want: 5.2.1
183 silly placeDep ROOT send@0.19.2 OK for: express@4.22.1 want: ~0.19.0
184 silly placeDep ROOT serve-static@1.16.3 OK for: express@4.22.1 want: ~1.16.2
185 silly placeDep ROOT setprototypeof@1.2.0 OK for: express@4.22.1 want: 1.2.0
186 silly placeDep ROOT statuses@2.0.2 OK for: express@4.22.1 want: ~2.0.1
187 silly placeDep ROOT type-is@1.6.18 OK for: express@4.22.1 want: ~1.6.18
188 silly placeDep ROOT utils-merge@1.0.1 OK for: express@4.22.1 want: 1.0.1
189 silly fetch manifest mime-types@~2.1.34
190 silly packumentCache full:https://registry.npmjs.org/mime-types cache-miss
191 silly fetch manifest negotiator@0.6.3
192 silly packumentCache full:https://registry.npmjs.org/negotiator cache-miss
193 silly fetch manifest bytes@~3.1.2
194 silly packumentCache full:https://registry.npmjs.org/bytes cache-miss
195 silly fetch manifest unpipe@~1.0.0
196 silly packumentCache full:https://registry.npmjs.org/unpipe cache-miss
197 silly fetch manifest destroy@~1.2.0
198 silly packumentCache full:https://registry.npmjs.org/destroy cache-miss
199 silly fetch manifest raw-body@~2.5.3
200 silly packumentCache full:https://registry.npmjs.org/raw-body cache-miss
201 silly fetch manifest iconv-lite@~0.4.24
202 silly packumentCache full:https://registry.npmjs.org/iconv-lite cache-miss
203 silly fetch manifest http-errors@~2.0.1
204 silly packumentCache full:https://registry.npmjs.org/http-errors cache-miss
205 silly fetch manifest content-type@~1.0.5
206 silly packumentCache full:https://registry.npmjs.org/content-type cache-miss
207 silly fetch manifest ms@2.0.0
208 silly packumentCache full:https://registry.npmjs.org/ms cache-miss
209 silly fetch manifest unpipe@~1.0.0
210 silly packumentCache full:https://registry.npmjs.org/unpipe cache-miss
211 silly fetch manifest statuses@~2.0.2
212 silly packumentCache full:https://registry.npmjs.org/statuses cache-miss
213 silly fetch manifest inherits@~2.0.4
214 silly packumentCache full:https://registry.npmjs.org/inherits cache-miss
215 silly fetch manifest setprototypeof@~1.2.0
216 silly packumentCache full:https://registry.npmjs.org/setprototypeof cache-miss
217 silly fetch manifest statuses@~2.0.2
218 silly packumentCache full:https://registry.npmjs.org/statuses cache-miss
219 silly fetch manifest toidentifier@~1.0.1
220 silly packumentCache full:https://registry.npmjs.org/toidentifier cache-miss
221 silly fetch manifest ee-first@1.1.1
222 silly packumentCache full:https://registry.npmjs.org/ee-first cache-miss
223 silly fetch manifest forwarded@0.2.0
224 silly packumentCache full:https://registry.npmjs.org/forwarded cache-miss
225 silly fetch manifest ipaddr.js@1.9.1
226 silly packumentCache full:https://registry.npmjs.org/ipaddr.js cache-miss
227 silly fetch manifest side-channel@^1.1.0
228 silly packumentCache full:https://registry.npmjs.org/side-channel cache-miss
229 silly fetch manifest ms@2.1.3
230 silly packumentCache full:https://registry.npmjs.org/ms cache-miss
231 silly fetch manifest mime@1.6.0
232 silly packumentCache full:https://registry.npmjs.org/mime cache-miss
233 silly fetch manifest destroy@1.2.0
234 silly packumentCache full:https://registry.npmjs.org/destroy cache-miss
235 http cache https://registry.npmjs.org/statuses 15ms (cache hit)
236 silly packumentCache full:https://registry.npmjs.org/statuses set size:37117 disposed:false
237 silly fetch manifest mime-types@~2.1.24
238 silly packumentCache full:https://registry.npmjs.org/mime-types cache-miss
239 http cache https://registry.npmjs.org/content-type 17ms (cache hit)
240 silly packumentCache full:https://registry.npmjs.org/content-type set size:17311 disposed:false
241 silly fetch manifest media-typer@0.3.0
242 silly packumentCache full:https://registry.npmjs.org/media-typer cache-miss
243 http cache https://registry.npmjs.org/http-errors 17ms (cache hit)
244 silly packumentCache full:https://registry.npmjs.org/http-errors set size:71987 disposed:false
245 http cache https://registry.npmjs.org/statuses 17ms (cache hit)
246 silly packumentCache full:https://registry.npmjs.org/statuses set size:37117 disposed:false
247 silly packumentCache full:https://registry.npmjs.org/statuses dispose
248 http cache https://registry.npmjs.org/setprototypeof 18ms (cache hit)
249 silly packumentCache full:https://registry.npmjs.org/setprototypeof set size:14532 disposed:false
250 http fetch GET 200 https://registry.npmjs.org/destroy 33ms (cache miss)
251 silly packumentCache full:https://registry.npmjs.org/destroy set size:undefined disposed:false
252 http fetch GET 200 https://registry.npmjs.org/mime-types 41ms (cache miss)
253 silly packumentCache full:https://registry.npmjs.org/mime-types set size:undefined disposed:false
254 http fetch GET 200 https://registry.npmjs.org/ms 42ms (cache miss)
255 silly packumentCache full:https://registry.npmjs.org/ms set size:undefined disposed:false
256 http fetch GET 200 https://registry.npmjs.org/inherits 42ms (cache miss)
257 silly packumentCache full:https://registry.npmjs.org/inherits set size:undefined disposed:false
258 http fetch GET 200 https://registry.npmjs.org/unpipe 57ms (cache miss)
259 silly packumentCache full:https://registry.npmjs.org/unpipe set size:undefined disposed:false
260 http fetch GET 200 https://registry.npmjs.org/ee-first 56ms (cache miss)
261 silly packumentCache full:https://registry.npmjs.org/ee-first set size:undefined disposed:false
262 http fetch GET 200 https://registry.npmjs.org/bytes 61ms (cache miss)
263 silly packumentCache full:https://registry.npmjs.org/bytes set size:undefined disposed:false
264 http fetch GET 200 https://registry.npmjs.org/ms 60ms (cache miss)
265 silly packumentCache full:https://registry.npmjs.org/ms set size:undefined disposed:false
266 http fetch GET 200 https://registry.npmjs.org/negotiator 66ms (cache miss)
267 silly packumentCache full:https://registry.npmjs.org/negotiator set size:undefined disposed:false
268 http fetch GET 200 https://registry.npmjs.org/iconv-lite 67ms (cache miss)
269 silly packumentCache full:https://registry.npmjs.org/iconv-lite set size:undefined disposed:false
270 http fetch GET 200 https://registry.npmjs.org/raw-body 70ms (cache miss)
271 silly packumentCache full:https://registry.npmjs.org/raw-body set size:undefined disposed:false
272 http fetch GET 200 https://registry.npmjs.org/side-channel 71ms (cache miss)
273 silly packumentCache full:https://registry.npmjs.org/side-channel set size:undefined disposed:false
274 http fetch GET 200 https://registry.npmjs.org/toidentifier 72ms (cache miss)
275 silly packumentCache full:https://registry.npmjs.org/toidentifier set size:undefined disposed:false
276 http fetch GET 200 https://registry.npmjs.org/unpipe 75ms (cache miss)
277 silly packumentCache full:https://registry.npmjs.org/unpipe set size:undefined disposed:false
278 http fetch GET 200 https://registry.npmjs.org/destroy 73ms (cache miss)
279 silly packumentCache full:https://registry.npmjs.org/destroy set size:undefined disposed:false
280 http fetch GET 200 https://registry.npmjs.org/mime-types 60ms (cache miss)
281 silly packumentCache full:https://registry.npmjs.org/mime-types set size:undefined disposed:false
282 http fetch GET 200 https://registry.npmjs.org/mime 79ms (cache miss)
283 silly packumentCache full:https://registry.npmjs.org/mime set size:undefined disposed:false
284 http fetch GET 200 https://registry.npmjs.org/forwarded 81ms (cache miss)
285 silly packumentCache full:https://registry.npmjs.org/forwarded set size:undefined disposed:false
286 http fetch GET 200 https://registry.npmjs.org/media-typer 81ms (cache miss)
287 silly packumentCache full:https://registry.npmjs.org/media-typer set size:undefined disposed:false
288 http fetch GET 200 https://registry.npmjs.org/ipaddr.js 107ms (cache miss)
289 silly packumentCache full:https://registry.npmjs.org/ipaddr.js set size:undefined disposed:false
290 silly placeDep ROOT mime-types@2.1.35 OK for: accepts@1.3.8 want: ~2.1.34
291 silly placeDep ROOT negotiator@0.6.3 OK for: accepts@1.3.8 want: 0.6.3
292 silly fetch manifest mime-db@1.52.0
293 silly packumentCache full:https://registry.npmjs.org/mime-db cache-miss
294 http fetch GET 200 https://registry.npmjs.org/mime-db 39ms (cache miss)
295 silly packumentCache full:https://registry.npmjs.org/mime-db set size:undefined disposed:false
296 silly placeDep ROOT bytes@3.1.2 OK for: body-parser@1.20.4 want: ~3.1.2
297 silly placeDep ROOT destroy@1.2.0 OK for: body-parser@1.20.4 want: ~1.2.0
298 silly placeDep ROOT iconv-lite@0.4.24 OK for: body-parser@1.20.4 want: ~0.4.24
299 silly placeDep ROOT raw-body@2.5.3 OK for: body-parser@1.20.4 want: ~2.5.3
300 silly placeDep ROOT unpipe@1.0.0 OK for: body-parser@1.20.4 want: ~1.0.0
301 silly fetch manifest safer-buffer@>= 2.1.2 < 3
302 silly packumentCache full:https://registry.npmjs.org/safer-buffer cache-miss
303 http fetch GET 200 https://registry.npmjs.org/safer-buffer 37ms (cache miss)
304 silly packumentCache full:https://registry.npmjs.org/safer-buffer set size:undefined disposed:false
305 silly placeDep ROOT ms@2.0.0 OK for: debug@2.6.9 want: 2.0.0
306 silly placeDep ROOT inherits@2.0.4 OK for: http-errors@2.0.1 want: ~2.0.4
307 silly placeDep ROOT toidentifier@1.0.1 OK for: http-errors@2.0.1 want: ~1.0.1
308 silly placeDep ROOT safer-buffer@2.1.2 OK for: iconv-lite@0.4.24 want: >= 2.1.2 < 3
309 silly placeDep ROOT mime-db@1.52.0 OK for: mime-types@2.1.35 want: 1.52.0
310 silly placeDep ROOT ee-first@1.1.1 OK for: on-finished@2.4.1 want: 1.1.1
311 silly placeDep ROOT forwarded@0.2.0 OK for: proxy-addr@2.0.7 want: 0.2.0
312 silly placeDep ROOT ipaddr.js@1.9.1 OK for: proxy-addr@2.0.7 want: 1.9.1
313 silly placeDep ROOT side-channel@1.1.0 OK for: qs@6.14.2 want: ^1.1.0
314 silly fetch manifest es-errors@^1.3.0
315 silly packumentCache full:https://registry.npmjs.org/es-errors cache-miss
316 silly fetch manifest object-inspect@^1.13.3
317 silly packumentCache full:https://registry.npmjs.org/object-inspect cache-miss
318 silly fetch manifest side-channel-list@^1.0.0
319 silly packumentCache full:https://registry.npmjs.org/side-channel-list cache-miss
320 silly fetch manifest side-channel-map@^1.0.1
321 silly packumentCache full:https://registry.npmjs.org/side-channel-map cache-miss
322 silly fetch manifest side-channel-weakmap@^1.0.2
323 silly packumentCache full:https://registry.npmjs.org/side-channel-weakmap cache-miss
324 http fetch GET 200 https://registry.npmjs.org/side-channel-weakmap 33ms (cache miss)
325 silly packumentCache full:https://registry.npmjs.org/side-channel-weakmap set size:undefined disposed:false
326 http fetch GET 200 https://registry.npmjs.org/side-channel-map 50ms (cache miss)
327 silly packumentCache full:https://registry.npmjs.org/side-channel-map set size:undefined disposed:false
328 http fetch GET 200 https://registry.npmjs.org/side-channel-list 74ms (cache miss)
329 silly packumentCache full:https://registry.npmjs.org/side-channel-list set size:undefined disposed:false
330 http fetch GET 200 https://registry.npmjs.org/es-errors 103ms (cache miss)
331 silly packumentCache full:https://registry.npmjs.org/es-errors set size:undefined disposed:false
332 http fetch GET 200 https://registry.npmjs.org/object-inspect 186ms (cache miss)
333 silly packumentCache full:https://registry.npmjs.org/object-inspect set size:undefined disposed:false
334 silly placeDep ROOT mime@1.6.0 OK for: send@0.19.2 want: 1.6.0
335 silly placeDep node_modules/send ms@2.1.3 OK for: send@0.19.2 want: 2.1.3
336 silly placeDep ROOT es-errors@1.3.0 OK for: side-channel@1.1.0 want: ^1.3.0
337 silly placeDep ROOT object-inspect@1.13.4 OK for: side-channel@1.1.0 want: ^1.13.3
338 silly placeDep ROOT side-channel-list@1.0.0 OK for: side-channel@1.1.0 want: ^1.0.0
339 silly placeDep ROOT side-channel-map@1.0.1 OK for: side-channel@1.1.0 want: ^1.0.1
340 silly placeDep ROOT side-channel-weakmap@1.0.2 OK for: side-channel@1.1.0 want: ^1.0.2
341 silly fetch manifest call-bound@^1.0.2
342 silly packumentCache full:https://registry.npmjs.org/call-bound cache-miss
343 silly fetch manifest get-intrinsic@^1.2.5
344 silly packumentCache full:https://registry.npmjs.org/get-intrinsic cache-miss
345 silly fetch manifest call-bound@^1.0.2
346 silly packumentCache full:https://registry.npmjs.org/call-bound cache-miss
347 silly fetch manifest get-intrinsic@^1.2.5
348 silly packumentCache full:https://registry.npmjs.org/get-intrinsic cache-miss
349 http fetch GET 200 https://registry.npmjs.org/get-intrinsic 32ms (cache miss)
350 silly packumentCache full:https://registry.npmjs.org/get-intrinsic set size:undefined disposed:false
351 http fetch GET 200 https://registry.npmjs.org/get-intrinsic 44ms (cache miss)
352 silly packumentCache full:https://registry.npmjs.org/get-intrinsic set size:undefined disposed:false
353 http fetch GET 200 https://registry.npmjs.org/call-bound 50ms (cache miss)
354 silly packumentCache full:https://registry.npmjs.org/call-bound set size:undefined disposed:false
355 http fetch GET 200 https://registry.npmjs.org/call-bound 60ms (cache miss)
356 silly packumentCache full:https://registry.npmjs.org/call-bound set size:undefined disposed:false
357 silly placeDep ROOT call-bound@1.0.4 OK for: side-channel-map@1.0.1 want: ^1.0.2
358 silly placeDep ROOT get-intrinsic@1.3.0 OK for: side-channel-map@1.0.1 want: ^1.2.5
359 silly fetch manifest call-bind-apply-helpers@^1.0.2
360 silly packumentCache full:https://registry.npmjs.org/call-bind-apply-helpers cache-miss
361 silly fetch manifest get-intrinsic@^1.3.0
362 silly packumentCache full:https://registry.npmjs.org/get-intrinsic cache-miss
363 silly fetch manifest gopd@^1.2.0
364 silly packumentCache full:https://registry.npmjs.org/gopd cache-miss
365 silly fetch manifest hasown@^2.0.2
366 silly packumentCache full:https://registry.npmjs.org/hasown cache-miss
367 silly fetch manifest get-proto@^1.0.1
368 silly packumentCache full:https://registry.npmjs.org/get-proto cache-miss
369 silly fetch manifest has-symbols@^1.1.0
370 silly packumentCache full:https://registry.npmjs.org/has-symbols cache-miss
371 silly fetch manifest function-bind@^1.1.2
372 silly packumentCache full:https://registry.npmjs.org/function-bind cache-miss
373 silly fetch manifest es-object-atoms@^1.1.1
374 silly packumentCache full:https://registry.npmjs.org/es-object-atoms cache-miss
375 silly fetch manifest math-intrinsics@^1.1.0
376 silly packumentCache full:https://registry.npmjs.org/math-intrinsics cache-miss
377 silly fetch manifest es-define-property@^1.0.1
378 silly packumentCache full:https://registry.npmjs.org/es-define-property cache-miss
379 silly fetch manifest call-bind-apply-helpers@^1.0.2
380 silly packumentCache full:https://registry.npmjs.org/call-bind-apply-helpers cache-miss
381 http cache https://registry.npmjs.org/get-intrinsic 7ms (cache hit)
382 silly packumentCache full:https://registry.npmjs.org/get-intrinsic set size:60985 disposed:false
383 http fetch GET 200 https://registry.npmjs.org/es-object-atoms 33ms (cache miss)
384 silly packumentCache full:https://registry.npmjs.org/es-object-atoms set size:undefined disposed:false
385 http fetch GET 200 https://registry.npmjs.org/call-bind-apply-helpers 38ms (cache miss)
386 silly packumentCache full:https://registry.npmjs.org/call-bind-apply-helpers set size:undefined disposed:false
387 http fetch GET 200 https://registry.npmjs.org/gopd 43ms (cache miss)
388 silly packumentCache full:https://registry.npmjs.org/gopd set size:undefined disposed:false
389 http fetch GET 200 https://registry.npmjs.org/function-bind 44ms (cache miss)
390 silly packumentCache full:https://registry.npmjs.org/function-bind set size:undefined disposed:false
391 http fetch GET 200 https://registry.npmjs.org/math-intrinsics 52ms (cache miss)
392 silly packumentCache full:https://registry.npmjs.org/math-intrinsics set size:undefined disposed:false
393 http fetch GET 200 https://registry.npmjs.org/get-proto 53ms (cache miss)
394 silly packumentCache full:https://registry.npmjs.org/get-proto set size:undefined disposed:false
395 http fetch GET 200 https://registry.npmjs.org/has-symbols 63ms (cache miss)
396 silly packumentCache full:https://registry.npmjs.org/has-symbols set size:undefined disposed:false
397 http fetch GET 200 https://registry.npmjs.org/hasown 78ms (cache miss)
398 silly packumentCache full:https://registry.npmjs.org/hasown set size:undefined disposed:false
399 http fetch GET 200 https://registry.npmjs.org/es-define-property 87ms (cache miss)
400 silly packumentCache full:https://registry.npmjs.org/es-define-property set size:undefined disposed:false
401 http fetch GET 200 https://registry.npmjs.org/call-bind-apply-helpers 111ms (cache miss)
402 silly packumentCache full:https://registry.npmjs.org/call-bind-apply-helpers set size:undefined disposed:false
403 silly placeDep ROOT call-bind-apply-helpers@1.0.2 OK for: call-bound@1.0.4 want: ^1.0.2
404 silly placeDep ROOT function-bind@1.1.2 OK for: call-bind-apply-helpers@1.0.2 want: ^1.1.2
405 silly placeDep ROOT es-define-property@1.0.1 OK for: get-intrinsic@1.3.0 want: ^1.0.1
406 silly placeDep ROOT es-object-atoms@1.1.1 OK for: get-intrinsic@1.3.0 want: ^1.1.1
407 silly placeDep ROOT get-proto@1.0.1 OK for: get-intrinsic@1.3.0 want: ^1.0.1
408 silly placeDep ROOT gopd@1.2.0 OK for: get-intrinsic@1.3.0 want: ^1.2.0
409 silly placeDep ROOT has-symbols@1.1.0 OK for: get-intrinsic@1.3.0 want: ^1.1.0
410 silly placeDep ROOT hasown@2.0.2 OK for: get-intrinsic@1.3.0 want: ^2.0.2
411 silly placeDep ROOT math-intrinsics@1.1.0 OK for: get-intrinsic@1.3.0 want: ^1.1.0
412 silly fetch manifest dunder-proto@^1.0.1
413 silly packumentCache full:https://registry.npmjs.org/dunder-proto cache-miss
414 http fetch GET 200 https://registry.npmjs.org/dunder-proto 50ms (cache miss)
415 silly packumentCache full:https://registry.npmjs.org/dunder-proto set size:undefined disposed:false
416 silly placeDep ROOT dunder-proto@1.0.1 OK for: get-proto@1.0.1 want: ^1.0.1
417 silly placeDep ROOT media-typer@0.3.0 OK for: type-is@1.6.18 want: 0.3.0
418 silly reify moves {}
419 silly audit bulk request {
419 silly audit   cors: [ '2.8.6' ],
419 silly audit   express: [ '4.22.1' ],
419 silly audit   'object-assign': [ '4.1.1' ],
419 silly audit   vary: [ '1.1.2' ],
419 silly audit   accepts: [ '1.3.8' ],
419 silly audit   'array-flatten': [ '1.1.1' ],
419 silly audit   'body-parser': [ '1.20.4' ],
419 silly audit   'content-disposition': [ '0.5.4' ],
419 silly audit   'content-type': [ '1.0.5' ],
419 silly audit   cookie: [ '0.7.2' ],
419 silly audit   'cookie-signature': [ '1.0.7' ],
419 silly audit   debug: [ '2.6.9' ],
419 silly audit   depd: [ '2.0.0' ],
419 silly audit   encodeurl: [ '2.0.0' ],
419 silly audit   'escape-html': [ '1.0.3' ],
419 silly audit   etag: [ '1.8.1' ],
419 silly audit   finalhandler: [ '1.3.2' ],
419 silly audit   fresh: [ '0.5.2' ],
419 silly audit   'http-errors': [ '2.0.1' ],
419 silly audit   'merge-descriptors': [ '1.0.3' ],
419 silly audit   methods: [ '1.1.2' ],
419 silly audit   'on-finished': [ '2.4.1' ],
419 silly audit   parseurl: [ '1.3.3' ],
419 silly audit   'path-to-regexp': [ '0.1.12' ],
419 silly audit   'proxy-addr': [ '2.0.7' ],
419 silly audit   qs: [ '6.14.2' ],
419 silly audit   'range-parser': [ '1.2.1' ],
419 silly audit   'safe-buffer': [ '5.2.1' ],
419 silly audit   send: [ '0.19.2' ],
419 silly audit   'serve-static': [ '1.16.3' ],
419 silly audit   setprototypeof: [ '1.2.0' ],
419 silly audit   statuses: [ '2.0.2' ],
419 silly audit   'type-is': [ '1.6.18' ],
419 silly audit   'utils-merge': [ '1.0.1' ],
419 silly audit   'mime-types': [ '2.1.35' ],
419 silly audit   negotiator: [ '0.6.3' ],
419 silly audit   bytes: [ '3.1.2' ],
419 silly audit   destroy: [ '1.2.0' ],
419 silly audit   'iconv-lite': [ '0.4.24' ],
419 silly audit   'raw-body': [ '2.5.3' ],
419 silly audit   unpipe: [ '1.0.0' ],
419 silly audit   ms: [ '2.0.0', '2.1.3' ],
419 silly audit   inherits: [ '2.0.4' ],
419 silly audit   toidentifier: [ '1.0.1' ],
419 silly audit   'safer-buffer': [ '2.1.2' ],
419 silly audit   'mime-db': [ '1.52.0' ],
419 silly audit   'ee-first': [ '1.1.1' ],
419 silly audit   forwarded: [ '0.2.0' ],
419 silly audit   'ipaddr.js': [ '1.9.1' ],
419 silly audit   'side-channel': [ '1.1.0' ],
419 silly audit   mime: [ '1.6.0' ],
419 silly audit   'es-errors': [ '1.3.0' ],
419 silly audit   'object-inspect': [ '1.13.4' ],
419 silly audit   'side-channel-list': [ '1.0.0' ],
419 silly audit   'side-channel-map': [ '1.0.1' ],
419 silly audit   'side-channel-weakmap': [ '1.0.2' ],
419 silly audit   'call-bound': [ '1.0.4' ],
419 silly audit   'get-intrinsic': [ '1.3.0' ],
419 silly audit   'call-bind-apply-helpers': [ '1.0.2' ],
419 silly audit   'function-bind': [ '1.1.2' ],
419 silly audit   'es-define-property': [ '1.0.1' ],
419 silly audit   'es-object-atoms': [ '1.1.1' ],
419 silly audit   'get-proto': [ '1.0.1' ],
419 silly audit   gopd: [ '1.2.0' ],
419 silly audit   'has-symbols': [ '1.1.0' ],
419 silly audit   hasown: [ '2.0.2' ],
419 silly audit   'math-intrinsics': [ '1.1.0' ],
419 silly audit   'dunder-proto': [ '1.0.1' ],
419 silly audit   'media-typer': [ '0.3.0' ]
419 silly audit }
420 http cache dunder-proto@https://registry.npmjs.org/dunder-proto/-/dunder-proto-1.0.1.tgz 0ms (cache hit)
421 http cache media-typer@https://registry.npmjs.org/media-typer/-/media-typer-0.3.0.tgz 0ms (cache hit)
422 http cache gopd@https://registry.npmjs.org/gopd/-/gopd-1.2.0.tgz 0ms (cache hit)
423 http cache math-intrinsics@https://registry.npmjs.org/math-intrinsics/-/math-intrinsics-1.1.0.tgz 0ms (cache hit)
424 http cache has-symbols@https://registry.npmjs.org/has-symbols/-/has-symbols-1.1.0.tgz 0ms (cache hit)
425 http cache hasown@https://registry.npmjs.org/hasown/-/hasown-2.0.2.tgz 0ms (cache hit)
426 http cache es-define-property@https://registry.npmjs.org/es-define-property/-/es-define-property-1.0.1.tgz 0ms (cache hit)
427 http cache get-proto@https://registry.npmjs.org/get-proto/-/get-proto-1.0.1.tgz 0ms (cache hit)
428 http cache function-bind@https://registry.npmjs.org/function-bind/-/function-bind-1.1.2.tgz 0ms (cache hit)
429 http cache call-bind-apply-helpers@https://registry.npmjs.org/call-bind-apply-helpers/-/call-bind-apply-helpers-1.0.2.tgz 0ms (cache hit)
430 http cache call-bound@https://registry.npmjs.org/call-bound/-/call-bound-1.0.4.tgz 0ms (cache hit)
431 http cache get-intrinsic@https://registry.npmjs.org/get-intrinsic/-/get-intrinsic-1.3.0.tgz 0ms (cache hit)
432 http cache side-channel-weakmap@https://registry.npmjs.org/side-channel-weakmap/-/side-channel-weakmap-1.0.2.tgz 0ms (cache hit)
433 http cache es-object-atoms@https://registry.npmjs.org/es-object-atoms/-/es-object-atoms-1.1.1.tgz 0ms (cache hit)
434 http cache side-channel-map@https://registry.npmjs.org/side-channel-map/-/side-channel-map-1.0.1.tgz 0ms (cache hit)
435 http cache object-inspect@https://registry.npmjs.org/object-inspect/-/object-inspect-1.13.4.tgz 0ms (cache hit)
436 http cache es-errors@https://registry.npmjs.org/es-errors/-/es-errors-1.3.0.tgz 0ms (cache hit)
437 http cache mime@https://registry.npmjs.org/mime/-/mime-1.6.0.tgz 0ms (cache hit)
438 http cache side-channel-list@https://registry.npmjs.org/side-channel-list/-/side-channel-list-1.0.0.tgz 0ms (cache hit)
439 http cache side-channel@https://registry.npmjs.org/side-channel/-/side-channel-1.1.0.tgz 0ms (cache hit)
440 http cache forwarded@https://registry.npmjs.org/forwarded/-/forwarded-0.2.0.tgz 0ms (cache hit)
441 http cache safer-buffer@https://registry.npmjs.org/safer-buffer/-/safer-buffer-2.1.2.tgz 0ms (cache hit)
442 http cache ee-first@https://registry.npmjs.org/ee-first/-/ee-first-1.1.1.tgz 0ms (cache hit)
443 http cache mime-db@https://registry.npmjs.org/mime-db/-/mime-db-1.52.0.tgz 0ms (cache hit)
444 http cache ipaddr.js@https://registry.npmjs.org/ipaddr.js/-/ipaddr.js-1.9.1.tgz 0ms (cache hit)
445 http cache toidentifier@https://registry.npmjs.org/toidentifier/-/toidentifier-1.0.1.tgz 0ms (cache hit)
446 http cache ms@https://registry.npmjs.org/ms/-/ms-2.0.0.tgz 0ms (cache hit)
447 http cache inherits@https://registry.npmjs.org/inherits/-/inherits-2.0.4.tgz 0ms (cache hit)
448 http cache unpipe@https://registry.npmjs.org/unpipe/-/unpipe-1.0.0.tgz 0ms (cache hit)
449 http cache raw-body@https://registry.npmjs.org/raw-body/-/raw-body-2.5.3.tgz 0ms (cache hit)
450 http cache iconv-lite@https://registry.npmjs.org/iconv-lite/-/iconv-lite-0.4.24.tgz 0ms (cache hit)
451 http cache destroy@https://registry.npmjs.org/destroy/-/destroy-1.2.0.tgz 0ms (cache hit)
452 http cache bytes@https://registry.npmjs.org/bytes/-/bytes-3.1.2.tgz 0ms (cache hit)
453 http cache negotiator@https://registry.npmjs.org/negotiator/-/negotiator-0.6.3.tgz 0ms (cache hit)
454 http cache mime-types@https://registry.npmjs.org/mime-types/-/mime-types-2.1.35.tgz 0ms (cache hit)
455 http cache utils-merge@https://registry.npmjs.org/utils-merge/-/utils-merge-1.0.1.tgz 0ms (cache hit)
456 http cache statuses@https://registry.npmjs.org/statuses/-/statuses-2.0.2.tgz 0ms (cache hit)
457 http cache type-is@https://registry.npmjs.org/type-is/-/type-is-1.6.18.tgz 0ms (cache hit)
458 http cache setprototypeof@https://registry.npmjs.org/setprototypeof/-/setprototypeof-1.2.0.tgz 0ms (cache hit)
459 http cache serve-static@https://registry.npmjs.org/serve-static/-/serve-static-1.16.3.tgz 0ms (cache hit)
460 http cache safe-buffer@https://registry.npmjs.org/safe-buffer/-/safe-buffer-5.2.1.tgz 0ms (cache hit)
461 http cache range-parser@https://registry.npmjs.org/range-parser/-/range-parser-1.2.1.tgz 0ms (cache hit)
462 http cache send@https://registry.npmjs.org/send/-/send-0.19.2.tgz 0ms (cache hit)
463 http cache qs@https://registry.npmjs.org/qs/-/qs-6.14.2.tgz 0ms (cache hit)
464 http cache path-to-regexp@https://registry.npmjs.org/path-to-regexp/-/path-to-regexp-0.1.12.tgz 0ms (cache hit)
465 http cache parseurl@https://registry.npmjs.org/parseurl/-/parseurl-1.3.3.tgz 0ms (cache hit)
466 http cache on-finished@https://registry.npmjs.org/on-finished/-/on-finished-2.4.1.tgz 0ms (cache hit)
467 http cache http-errors@https://registry.npmjs.org/http-errors/-/http-errors-2.0.1.tgz 0ms (cache hit)
468 http cache methods@https://registry.npmjs.org/methods/-/methods-1.1.2.tgz 0ms (cache hit)
469 http cache merge-descriptors@https://registry.npmjs.org/merge-descriptors/-/merge-descriptors-1.0.3.tgz 0ms (cache hit)
470 http cache etag@https://registry.npmjs.org/etag/-/etag-1.8.1.tgz 0ms (cache hit)
471 http cache proxy-addr@https://registry.npmjs.org/proxy-addr/-/proxy-addr-2.0.7.tgz 0ms (cache hit)
472 http cache escape-html@https://registry.npmjs.org/escape-html/-/escape-html-1.0.3.tgz 0ms (cache hit)
473 http cache fresh@https://registry.npmjs.org/fresh/-/fresh-0.5.2.tgz 0ms (cache hit)
474 http cache debug@https://registry.npmjs.org/debug/-/debug-2.6.9.tgz 0ms (cache hit)
475 http cache depd@https://registry.npmjs.org/depd/-/depd-2.0.0.tgz 0ms (cache hit)
476 http cache encodeurl@https://registry.npmjs.org/encodeurl/-/encodeurl-2.0.0.tgz 0ms (cache hit)
477 http cache cookie-signature@https://registry.npmjs.org/cookie-signature/-/cookie-signature-1.0.7.tgz 0ms (cache hit)
478 http cache cookie@https://registry.npmjs.org/cookie/-/cookie-0.7.2.tgz 0ms (cache hit)
479 http cache finalhandler@https://registry.npmjs.org/finalhandler/-/finalhandler-1.3.2.tgz 0ms (cache hit)
480 http cache content-type@https://registry.npmjs.org/content-type/-/content-type-1.0.5.tgz 0ms (cache hit)
481 http cache body-parser@https://registry.npmjs.org/body-parser/-/body-parser-1.20.4.tgz 0ms (cache hit)
482 http cache accepts@https://registry.npmjs.org/accepts/-/accepts-1.3.8.tgz 0ms (cache hit)
483 http cache vary@https://registry.npmjs.org/vary/-/vary-1.1.2.tgz 0ms (cache hit)
484 http cache array-flatten@https://registry.npmjs.org/array-flatten/-/array-flatten-1.1.1.tgz 0ms (cache hit)
485 http cache content-disposition@https://registry.npmjs.org/content-disposition/-/content-disposition-0.5.4.tgz 0ms (cache hit)
486 http cache object-assign@https://registry.npmjs.org/object-assign/-/object-assign-4.1.1.tgz 0ms (cache hit)
487 http cache ms@https://registry.npmjs.org/ms/-/ms-2.1.3.tgz 0ms (cache hit)
488 silly tarball no local data for dunder-proto@https://registry.npmjs.org/dunder-proto/-/dunder-proto-1.0.1.tgz. Extracting by manifest.
489 silly tarball no local data for media-typer@https://registry.npmjs.org/media-typer/-/media-typer-0.3.0.tgz. Extracting by manifest.
490 silly tarball no local data for gopd@https://registry.npmjs.org/gopd/-/gopd-1.2.0.tgz. Extracting by manifest.
491 silly tarball no local data for math-intrinsics@https://registry.npmjs.org/math-intrinsics/-/math-intrinsics-1.1.0.tgz. Extracting by manifest.
492 silly tarball no local data for has-symbols@https://registry.npmjs.org/has-symbols/-/has-symbols-1.1.0.tgz. Extracting by manifest.
493 silly tarball no local data for hasown@https://registry.npmjs.org/hasown/-/hasown-2.0.2.tgz. Extracting by manifest.
494 silly tarball no local data for es-define-property@https://registry.npmjs.org/es-define-property/-/es-define-property-1.0.1.tgz. Extracting by manifest.
495 silly tarball no local data for get-proto@https://registry.npmjs.org/get-proto/-/get-proto-1.0.1.tgz. Extracting by manifest.
496 silly tarball no local data for function-bind@https://registry.npmjs.org/function-bind/-/function-bind-1.1.2.tgz. Extracting by manifest.
497 silly tarball no local data for call-bind-apply-helpers@https://registry.npmjs.org/call-bind-apply-helpers/-/call-bind-apply-helpers-1.0.2.tgz. Extracting by manifest.
498 silly tarball no local data for call-bound@https://registry.npmjs.org/call-bound/-/call-bound-1.0.4.tgz. Extracting by manifest.
499 silly tarball no local data for get-intrinsic@https://registry.npmjs.org/get-intrinsic/-/get-intrinsic-1.3.0.tgz. Extracting by manifest.
500 silly tarball no local data for side-channel-weakmap@https://registry.npmjs.org/side-channel-weakmap/-/side-channel-weakmap-1.0.2.tgz. Extracting by manifest.
501 silly tarball no local data for es-object-atoms@https://registry.npmjs.org/es-object-atoms/-/es-object-atoms-1.1.1.tgz. Extracting by manifest.
502 silly tarball no local data for side-channel-map@https://registry.npmjs.org/side-channel-map/-/side-channel-map-1.0.1.tgz. Extracting by manifest.
503 silly tarball no local data for object-inspect@https://registry.npmjs.org/object-inspect/-/object-inspect-1.13.4.tgz. Extracting by manifest.
504 silly tarball no local data for es-errors@https://registry.npmjs.org/es-errors/-/es-errors-1.3.0.tgz. Extracting by manifest.
505 silly tarball no local data for mime@https://registry.npmjs.org/mime/-/mime-1.6.0.tgz. Extracting by manifest.
506 silly tarball no local data for side-channel-list@https://registry.npmjs.org/side-channel-list/-/side-channel-list-1.0.0.tgz. Extracting by manifest.
507 silly tarball no local data for side-channel@https://registry.npmjs.org/side-channel/-/side-channel-1.1.0.tgz. Extracting by manifest.
508 silly tarball no local data for forwarded@https://registry.npmjs.org/forwarded/-/forwarded-0.2.0.tgz. Extracting by manifest.
509 silly tarball no local data for safer-buffer@https://registry.npmjs.org/safer-buffer/-/safer-buffer-2.1.2.tgz. Extracting by manifest.
510 silly tarball no local data for ee-first@https://registry.npmjs.org/ee-first/-/ee-first-1.1.1.tgz. Extracting by manifest.
511 silly tarball no local data for mime-db@https://registry.npmjs.org/mime-db/-/mime-db-1.52.0.tgz. Extracting by manifest.
512 silly tarball no local data for ipaddr.js@https://registry.npmjs.org/ipaddr.js/-/ipaddr.js-1.9.1.tgz. Extracting by manifest.
513 silly tarball no local data for toidentifier@https://registry.npmjs.org/toidentifier/-/toidentifier-1.0.1.tgz. Extracting by manifest.
514 http cache cors@https://registry.npmjs.org/cors/-/cors-2.8.6.tgz 0ms (cache hit)
515 silly tarball no local data for ms@https://registry.npmjs.org/ms/-/ms-2.0.0.tgz. Extracting by manifest.
516 silly tarball no local data for inherits@https://registry.npmjs.org/inherits/-/inherits-2.0.4.tgz. Extracting by manifest.
517 silly tarball no local data for unpipe@https://registry.npmjs.org/unpipe/-/unpipe-1.0.0.tgz. Extracting by manifest.
518 silly tarball no local data for iconv-lite@https://registry.npmjs.org/iconv-lite/-/iconv-lite-0.4.24.tgz. Extracting by manifest.
519 silly tarball no local data for raw-body@https://registry.npmjs.org/raw-body/-/raw-body-2.5.3.tgz. Extracting by manifest.
520 silly tarball no local data for destroy@https://registry.npmjs.org/destroy/-/destroy-1.2.0.tgz. Extracting by manifest.
521 silly tarball no local data for bytes@https://registry.npmjs.org/bytes/-/bytes-3.1.2.tgz. Extracting by manifest.
522 silly tarball no local data for negotiator@https://registry.npmjs.org/negotiator/-/negotiator-0.6.3.tgz. Extracting by manifest.
523 silly tarball no local data for mime-types@https://registry.npmjs.org/mime-types/-/mime-types-2.1.35.tgz. Extracting by manifest.
524 silly tarball no local data for utils-merge@https://registry.npmjs.org/utils-merge/-/utils-merge-1.0.1.tgz. Extracting by manifest.
525 silly tarball no local data for statuses@https://registry.npmjs.org/statuses/-/statuses-2.0.2.tgz. Extracting by manifest.
526 silly tarball no local data for type-is@https://registry.npmjs.org/type-is/-/type-is-1.6.18.tgz. Extracting by manifest.
527 silly tarball no local data for setprototypeof@https://registry.npmjs.org/setprototypeof/-/setprototypeof-1.2.0.tgz. Extracting by manifest.
528 silly tarball no local data for serve-static@https://registry.npmjs.org/serve-static/-/serve-static-1.16.3.tgz. Extracting by manifest.
529 silly tarball no local data for safe-buffer@https://registry.npmjs.org/safe-buffer/-/safe-buffer-5.2.1.tgz. Extracting by manifest.
530 http cache express@https://registry.npmjs.org/express/-/express-4.22.1.tgz 0ms (cache hit)
531 silly tarball no local data for range-parser@https://registry.npmjs.org/range-parser/-/range-parser-1.2.1.tgz. Extracting by manifest.
532 silly tarball no local data for send@https://registry.npmjs.org/send/-/send-0.19.2.tgz. Extracting by manifest.
533 silly tarball no local data for qs@https://registry.npmjs.org/qs/-/qs-6.14.2.tgz. Extracting by manifest.
534 silly tarball no local data for path-to-regexp@https://registry.npmjs.org/path-to-regexp/-/path-to-regexp-0.1.12.tgz. Extracting by manifest.
535 silly tarball no local data for parseurl@https://registry.npmjs.org/parseurl/-/parseurl-1.3.3.tgz. Extracting by manifest.
536 silly tarball no local data for on-finished@https://registry.npmjs.org/on-finished/-/on-finished-2.4.1.tgz. Extracting by manifest.
537 silly tarball no local data for http-errors@https://registry.npmjs.org/http-errors/-/http-errors-2.0.1.tgz. Extracting by manifest.
538 silly tarball no local data for methods@https://registry.npmjs.org/methods/-/methods-1.1.2.tgz. Extracting by manifest.
539 silly tarball no local data for merge-descriptors@https://registry.npmjs.org/merge-descriptors/-/merge-descriptors-1.0.3.tgz. Extracting by manifest.
540 silly tarball no local data for etag@https://registry.npmjs.org/etag/-/etag-1.8.1.tgz. Extracting by manifest.
541 silly tarball no local data for proxy-addr@https://registry.npmjs.org/proxy-addr/-/proxy-addr-2.0.7.tgz. Extracting by manifest.
542 silly tarball no local data for escape-html@https://registry.npmjs.org/escape-html/-/escape-html-1.0.3.tgz. Extracting by manifest.
543 silly tarball no local data for fresh@https://registry.npmjs.org/fresh/-/fresh-0.5.2.tgz. Extracting by manifest.
544 silly tarball no local data for debug@https://registry.npmjs.org/debug/-/debug-2.6.9.tgz. Extracting by manifest.
545 silly tarball no local data for depd@https://registry.npmjs.org/depd/-/depd-2.0.0.tgz. Extracting by manifest.
546 silly tarball no local data for encodeurl@https://registry.npmjs.org/encodeurl/-/encodeurl-2.0.0.tgz. Extracting by manifest.
547 silly tarball no local data for cookie-signature@https://registry.npmjs.org/cookie-signature/-/cookie-signature-1.0.7.tgz. Extracting by manifest.
548 silly tarball no local data for cookie@https://registry.npmjs.org/cookie/-/cookie-0.7.2.tgz. Extracting by manifest.
549 silly tarball no local data for finalhandler@https://registry.npmjs.org/finalhandler/-/finalhandler-1.3.2.tgz. Extracting by manifest.
550 silly tarball no local data for content-type@https://registry.npmjs.org/content-type/-/content-type-1.0.5.tgz. Extracting by manifest.
551 silly tarball no local data for body-parser@https://registry.npmjs.org/body-parser/-/body-parser-1.20.4.tgz. Extracting by manifest.
552 silly tarball no local data for accepts@https://registry.npmjs.org/accepts/-/accepts-1.3.8.tgz. Extracting by manifest.
553 silly tarball no local data for vary@https://registry.npmjs.org/vary/-/vary-1.1.2.tgz. Extracting by manifest.
554 silly tarball no local data for array-flatten@https://registry.npmjs.org/array-flatten/-/array-flatten-1.1.1.tgz. Extracting by manifest.
555 silly tarball no local data for content-disposition@https://registry.npmjs.org/content-disposition/-/content-disposition-0.5.4.tgz. Extracting by manifest.
556 silly tarball no local data for object-assign@https://registry.npmjs.org/object-assign/-/object-assign-4.1.1.tgz. Extracting by manifest.
557 silly tarball no local data for ms@https://registry.npmjs.org/ms/-/ms-2.1.3.tgz. Extracting by manifest.
558 silly tarball no local data for cors@https://registry.npmjs.org/cors/-/cors-2.8.6.tgz. Extracting by manifest.
559 silly tarball no local data for express@https://registry.npmjs.org/express/-/express-4.22.1.tgz. Extracting by manifest.
560 http fetch GET 200 https://registry.npmjs.org/hasown/-/hasown-2.0.2.tgz 60ms (cache miss)
561 http fetch POST 200 https://registry.npmjs.org/-/npm/v1/security/advisories/bulk 112ms
562 silly audit report {}
563 http fetch GET 200 https://registry.npmjs.org/media-typer/-/media-typer-0.3.0.tgz 99ms (cache miss)
564 http fetch GET 200 https://registry.npmjs.org/side-channel-map/-/side-channel-map-1.0.1.tgz 112ms (cache miss)
565 http fetch GET 200 https://registry.npmjs.org/forwarded/-/forwarded-0.2.0.tgz 114ms (cache miss)
566 http fetch GET 200 https://registry.npmjs.org/gopd/-/gopd-1.2.0.tgz 131ms (cache miss)
567 http fetch GET 200 https://registry.npmjs.org/get-intrinsic/-/get-intrinsic-1.3.0.tgz 133ms (cache miss)
568 http fetch GET 200 https://registry.npmjs.org/dunder-proto/-/dunder-proto-1.0.1.tgz 137ms (cache miss)
569 http fetch GET 200 https://registry.npmjs.org/ee-first/-/ee-first-1.1.1.tgz 138ms (cache miss)
570 http fetch GET 200 https://registry.npmjs.org/toidentifier/-/toidentifier-1.0.1.tgz 140ms (cache miss)
571 http fetch GET 200 https://registry.npmjs.org/mime/-/mime-1.6.0.tgz 143ms (cache miss)
572 http fetch GET 200 https://registry.npmjs.org/unpipe/-/unpipe-1.0.0.tgz 142ms (cache miss)
573 http fetch GET 200 https://registry.npmjs.org/call-bound/-/call-bound-1.0.4.tgz 145ms (cache miss)
574 http fetch GET 200 https://registry.npmjs.org/ipaddr.js/-/ipaddr.js-1.9.1.tgz 145ms (cache miss)
575 http fetch GET 200 https://registry.npmjs.org/es-object-atoms/-/es-object-atoms-1.1.1.tgz 150ms (cache miss)
576 http fetch GET 200 https://registry.npmjs.org/has-symbols/-/has-symbols-1.1.0.tgz 154ms (cache miss)
577 http fetch GET 200 https://registry.npmjs.org/side-channel-weakmap/-/side-channel-weakmap-1.0.2.tgz 156ms (cache miss)
578 http fetch GET 200 https://registry.npmjs.org/side-channel/-/side-channel-1.1.0.tgz 159ms (cache miss)
579 http fetch GET 200 https://registry.npmjs.org/destroy/-/destroy-1.2.0.tgz 159ms (cache miss)
580 http fetch GET 200 https://registry.npmjs.org/mime-db/-/mime-db-1.52.0.tgz 160ms (cache miss)
581 http fetch GET 200 https://registry.npmjs.org/ms/-/ms-2.0.0.tgz 164ms (cache miss)
582 http fetch GET 200 https://registry.npmjs.org/safer-buffer/-/safer-buffer-2.1.2.tgz 166ms (cache miss)
583 http fetch GET 200 https://registry.npmjs.org/mime-types/-/mime-types-2.1.35.tgz 164ms (cache miss)
584 http fetch GET 200 https://registry.npmjs.org/raw-body/-/raw-body-2.5.3.tgz 165ms (cache miss)
585 http fetch GET 200 https://registry.npmjs.org/side-channel-list/-/side-channel-list-1.0.0.tgz 167ms (cache miss)
586 http fetch GET 200 https://registry.npmjs.org/bytes/-/bytes-3.1.2.tgz 173ms (cache miss)
587 http fetch GET 200 https://registry.npmjs.org/utils-merge/-/utils-merge-1.0.1.tgz 176ms (cache miss)
588 http fetch GET 200 https://registry.npmjs.org/es-define-property/-/es-define-property-1.0.1.tgz 180ms (cache miss)
589 http fetch GET 200 https://registry.npmjs.org/inherits/-/inherits-2.0.4.tgz 179ms (cache miss)
590 http fetch GET 200 https://registry.npmjs.org/serve-static/-/serve-static-1.16.3.tgz 179ms (cache miss)
591 http fetch GET 200 https://registry.npmjs.org/type-is/-/type-is-1.6.18.tgz 181ms (cache miss)
592 http fetch GET 200 https://registry.npmjs.org/safe-buffer/-/safe-buffer-5.2.1.tgz 180ms (cache miss)
593 http fetch GET 200 https://registry.npmjs.org/range-parser/-/range-parser-1.2.1.tgz 183ms (cache miss)
594 http fetch GET 200 https://registry.npmjs.org/statuses/-/statuses-2.0.2.tgz 186ms (cache miss)
595 http fetch GET 200 https://registry.npmjs.org/negotiator/-/negotiator-0.6.3.tgz 189ms (cache miss)
596 http fetch GET 200 https://registry.npmjs.org/call-bind-apply-helpers/-/call-bind-apply-helpers-1.0.2.tgz 195ms (cache miss)
597 http fetch GET 200 https://registry.npmjs.org/es-errors/-/es-errors-1.3.0.tgz 197ms (cache miss)
598 http fetch GET 200 https://registry.npmjs.org/merge-descriptors/-/merge-descriptors-1.0.3.tgz 200ms (cache miss)
599 http fetch GET 200 https://registry.npmjs.org/path-to-regexp/-/path-to-regexp-0.1.12.tgz 201ms (cache miss)
600 http fetch GET 200 https://registry.npmjs.org/proxy-addr/-/proxy-addr-2.0.7.tgz 201ms (cache miss)
601 http fetch GET 200 https://registry.npmjs.org/function-bind/-/function-bind-1.1.2.tgz 208ms (cache miss)
602 http fetch GET 200 https://registry.npmjs.org/http-errors/-/http-errors-2.0.1.tgz 204ms (cache miss)
603 http fetch GET 200 https://registry.npmjs.org/parseurl/-/parseurl-1.3.3.tgz 213ms (cache miss)
604 http fetch GET 200 https://registry.npmjs.org/escape-html/-/escape-html-1.0.3.tgz 213ms (cache miss)
605 http fetch GET 200 https://registry.npmjs.org/on-finished/-/on-finished-2.4.1.tgz 216ms (cache miss)
606 http fetch GET 200 https://registry.npmjs.org/send/-/send-0.19.2.tgz 217ms (cache miss)
607 http fetch GET 200 https://registry.npmjs.org/math-intrinsics/-/math-intrinsics-1.1.0.tgz 224ms (cache miss)
608 http fetch GET 200 https://registry.npmjs.org/methods/-/methods-1.1.2.tgz 219ms (cache miss)
609 http fetch GET 200 https://registry.npmjs.org/depd/-/depd-2.0.0.tgz 220ms (cache miss)
610 http fetch GET 200 https://registry.npmjs.org/fresh/-/fresh-0.5.2.tgz 231ms (cache miss)
611 http fetch GET 200 https://registry.npmjs.org/etag/-/etag-1.8.1.tgz 232ms (cache miss)
612 http fetch GET 200 https://registry.npmjs.org/encodeurl/-/encodeurl-2.0.0.tgz 237ms (cache miss)
613 http fetch GET 200 https://registry.npmjs.org/object-inspect/-/object-inspect-1.13.4.tgz 246ms (cache miss)
614 http fetch GET 200 https://registry.npmjs.org/finalhandler/-/finalhandler-1.3.2.tgz 244ms (cache miss)
615 http fetch GET 200 https://registry.npmjs.org/cookie/-/cookie-0.7.2.tgz 244ms (cache miss)
616 http fetch GET 200 https://registry.npmjs.org/accepts/-/accepts-1.3.8.tgz 245ms (cache miss)
617 http fetch GET 200 https://registry.npmjs.org/qs/-/qs-6.14.2.tgz 249ms (cache miss)
618 http fetch GET 200 https://registry.npmjs.org/get-proto/-/get-proto-1.0.1.tgz 256ms (cache miss)
619 http fetch GET 200 https://registry.npmjs.org/content-disposition/-/content-disposition-0.5.4.tgz 249ms (cache miss)
620 http fetch GET 200 https://registry.npmjs.org/iconv-lite/-/iconv-lite-0.4.24.tgz 257ms (cache miss)
621 http fetch GET 200 https://registry.npmjs.org/body-parser/-/body-parser-1.20.4.tgz 262ms (cache miss)
622 http fetch GET 200 https://registry.npmjs.org/vary/-/vary-1.1.2.tgz 262ms (cache miss)
623 http fetch GET 200 https://registry.npmjs.org/cookie-signature/-/cookie-signature-1.0.7.tgz 265ms (cache miss)
624 http fetch GET 200 https://registry.npmjs.org/debug/-/debug-2.6.9.tgz 267ms (cache miss)
625 http fetch GET 200 https://registry.npmjs.org/array-flatten/-/array-flatten-1.1.1.tgz 266ms (cache miss)
626 http fetch GET 200 https://registry.npmjs.org/ms/-/ms-2.1.3.tgz 267ms (cache miss)
627 http fetch GET 200 https://registry.npmjs.org/object-assign/-/object-assign-4.1.1.tgz 269ms (cache miss)
628 http fetch GET 200 https://registry.npmjs.org/cors/-/cors-2.8.6.tgz 267ms (cache miss)
629 http fetch GET 200 https://registry.npmjs.org/setprototypeof/-/setprototypeof-1.2.0.tgz 276ms (cache miss)
630 http fetch GET 200 https://registry.npmjs.org/content-type/-/content-type-1.0.5.tgz 275ms (cache miss)
631 http fetch GET 200 https://registry.npmjs.org/express/-/express-4.22.1.tgz 279ms (cache miss)
632 silly ADD node_modules/media-typer
633 silly ADD node_modules/dunder-proto
634 silly ADD node_modules/math-intrinsics
635 silly ADD node_modules/hasown
636 silly ADD node_modules/has-symbols
637 silly ADD node_modules/gopd
638 silly ADD node_modules/get-proto
639 silly ADD node_modules/es-object-atoms
640 silly ADD node_modules/es-define-property
641 silly ADD node_modules/function-bind
642 silly ADD node_modules/call-bind-apply-helpers
643 silly ADD node_modules/get-intrinsic
644 silly ADD node_modules/call-bound
645 silly ADD node_modules/side-channel-weakmap
646 silly ADD node_modules/side-channel-map
647 silly ADD node_modules/side-channel-list
648 silly ADD node_modules/object-inspect
649 silly ADD node_modules/es-errors
650 silly ADD node_modules/mime
651 silly ADD node_modules/side-channel
652 silly ADD node_modules/ipaddr.js
653 silly ADD node_modules/forwarded
654 silly ADD node_modules/ee-first
655 silly ADD node_modules/mime-db
656 silly ADD node_modules/safer-buffer
657 silly ADD node_modules/toidentifier
658 silly ADD node_modules/inherits
659 silly ADD node_modules/ms
660 silly ADD node_modules/unpipe
661 silly ADD node_modules/raw-body
662 silly ADD node_modules/iconv-lite
663 silly ADD node_modules/destroy
664 silly ADD node_modules/bytes
665 silly ADD node_modules/negotiator
666 silly ADD node_modules/mime-types
667 silly ADD node_modules/utils-merge
668 silly ADD node_modules/type-is
669 silly ADD node_modules/statuses
670 silly ADD node_modules/setprototypeof
671 silly ADD node_modules/serve-static
672 silly ADD node_modules/send
673 silly ADD node_modules/send/node_modules/ms
674 silly ADD node_modules/safe-buffer
675 silly ADD node_modules/range-parser
676 silly ADD node_modules/qs
677 silly ADD node_modules/proxy-addr
678 silly ADD node_modules/path-to-regexp
679 silly ADD node_modules/parseurl
680 silly ADD node_modules/on-finished
681 silly ADD node_modules/methods
682 silly ADD node_modules/merge-descriptors
683 silly ADD node_modules/http-errors
684 silly ADD node_modules/fresh
685 silly ADD node_modules/finalhandler
686 silly ADD node_modules/etag
687 silly ADD node_modules/escape-html
688 silly ADD node_modules/encodeurl
689 silly ADD node_modules/depd
690 silly ADD node_modules/debug
691 silly ADD node_modules/cookie-signature
692 silly ADD node_modules/cookie
693 silly ADD node_modules/content-type
694 silly ADD node_modules/content-disposition
695 silly ADD node_modules/body-parser
696 silly ADD node_modules/array-flatten
697 silly ADD node_modules/accepts
698 silly ADD node_modules/vary
699 silly ADD node_modules/object-assign
700 silly ADD node_modules/express
701 silly ADD node_modules/cors
702 verbose cwd C:\Users\soham\OneDrive\Desktop\Decentralized-Credentials\services\api
703 verbose os Windows_NT 10.0.26100
704 verbose node v22.20.0
705 verbose npm  v10.9.3
706 notice
706 notice New major version of npm available! 10.9.3 -> 11.11.0
706 notice Changelog: https://github.com/npm/cli/releases/tag/v11.11.0
706 notice To update run: npm install -g npm@11.11.0
706 notice  { force: true, [Symbol(proc-log.meta)]: true }
707 verbose exit 0
708 info ok
